mode: set
zai-proxy/internal/handler/anthropic.go:22.61,25.17 2 1
zai-proxy/internal/handler/anthropic.go:25.17,27.3 1 0
zai-proxy/internal/handler/anthropic.go:28.2,28.17 1 1
zai-proxy/internal/handler/anthropic.go:28.17,31.3 2 0
zai-proxy/internal/handler/anthropic.go:33.2,33.21 1 1
zai-proxy/internal/handler/anthropic.go:33.21,35.17 2 0
zai-proxy/internal/handler/anthropic.go:35.17,39.4 3 0
zai-proxy/internal/handler/anthropic.go:40.3,40.25 1 0
zai-proxy/internal/handler/anthropic.go:43.2,44.61 2 1
zai-proxy/internal/handler/anthropic.go:44.61,47.3 2 0
zai-proxy/internal/handler/anthropic.go:49.2,49.24 1 1
zai-proxy/internal/handler/anthropic.go:49.24,51.3 1 0
zai-proxy/internal/handler/anthropic.go:53.2,54.59 2 1
zai-proxy/internal/handler/anthropic.go:54.59,56.3 1 0
zai-proxy/internal/handler/anthropic.go:58.2,64.17 6 1
zai-proxy/internal/handler/anthropic.go:64.17,66.17 2 1
zai-proxy/internal/handler/anthropic.go:66.17,69.4 2 0
zai-proxy/internal/handler/anthropic.go:70.3,72.9 3 1
zai-proxy/internal/handler/anthropic.go:75.2,75.42 1 1
zai-proxy/internal/handler/anthropic.go:75.42,77.17 2 0
zai-proxy/internal/handler/anthropic.go:77.17,80.4 2 0
zai-proxy/internal/handler/anthropic.go:81.3,82.9 2 0
zai-proxy/internal/handler/anthropic.go:85.2,86.16 2 1
zai-proxy/internal/handler/anthropic.go:86.16,90.3 3 0
zai-proxy/internal/handler/anthropic.go:91.2,93.38 2 1
zai-proxy/internal/handler/anthropic.go:93.38,96.17 3 0
zai-proxy/internal/handler/anthropic.go:96.17,98.4 1 0
zai-proxy/internal/handler/anthropic.go:98.9,100.4 1 0
zai-proxy/internal/handler/anthropic.go:101.3,101.25 1 0
zai-proxy/internal/handler/anthropic.go:101.25,103.4 1 0
zai-proxy/internal/handler/anthropic.go:104.3,106.9 3 0
zai-proxy/internal/handler/anthropic.go:109.2,109.92 1 1
zai-proxy/internal/handler/anthropic.go:112.69,114.32 2 0
zai-proxy/internal/handler/anthropic.go:114.32,118.3 3 0
zai-proxy/internal/handler/anthropic.go:120.2,121.78 2 0
zai-proxy/internal/handler/anthropic.go:125.106,129.23 2 1
zai-proxy/internal/handler/anthropic.go:129.23,131.33 2 0
zai-proxy/internal/handler/anthropic.go:132.15,133.18 1 0
zai-proxy/internal/handler/anthropic.go:134.22,136.27 1 0
zai-proxy/internal/handler/anthropic.go:136.27,137.55 1 0
zai-proxy/internal/handler/anthropic.go:137.55,138.45 1 0
zai-proxy/internal/handler/anthropic.go:138.45,140.7 1 0
zai-proxy/internal/handler/anthropic.go:144.3,144.23 1 0
zai-proxy/internal/handler/anthropic.go:144.23,149.4 1 0
zai-proxy/internal/handler/anthropic.go:153.2,153.35 1 1
zai-proxy/internal/handler/anthropic.go:153.35,154.19 1 1
zai-proxy/internal/handler/anthropic.go:155.15,157.24 2 1
zai-proxy/internal/handler/anthropic.go:157.24,163.5 1 1
zai-proxy/internal/handler/anthropic.go:163.10,165.32 2 1
zai-proxy/internal/handler/anthropic.go:165.32,166.31 1 1
zai-proxy/internal/handler/anthropic.go:166.31,168.7 1 1
zai-proxy/internal/handler/anthropic.go:169.6,173.23 2 1
zai-proxy/internal/handler/anthropic.go:177.5,177.34 1 1
zai-proxy/internal/handler/anthropic.go:177.34,178.24 1 1
zai-proxy/internal/handler/anthropic.go:179.18,183.9 1 1
zai-proxy/internal/handler/anthropic.go:184.19,185.74 1 1
zai-proxy/internal/handler/anthropic.go:185.74,190.8 1 1
zai-proxy/internal/handler/anthropic.go:191.25,197.9 2 1
zai-proxy/internal/handler/anthropic.go:201.5,201.23 1 1
zai-proxy/internal/handler/anthropic.go:204.20,206.24 2 0
zai-proxy/internal/handler/anthropic.go:206.24,213.5 2 0
zai-proxy/internal/handler/anthropic.go:213.10,217.34 3 0
zai-proxy/internal/handler/anthropic.go:217.34,218.24 1 0
zai-proxy/internal/handler/anthropic.go:219.18,220.32 1 0
zai-proxy/internal/handler/anthropic.go:221.22,221.22 0 0
zai-proxy/internal/handler/anthropic.go:223.22,225.29 2 0
zai-proxy/internal/handler/anthropic.go:225.29,227.8 1 0
zai-proxy/internal/handler/anthropic.go:228.7,235.9 1 0
zai-proxy/internal/handler/anthropic.go:238.5,242.7 1 0
zai-proxy/internal/handler/anthropic.go:248.2,249.30 2 1
zai-proxy/internal/handler/anthropic.go:249.30,261.3 4 1
zai-proxy/internal/handler/anthropic.go:264.2,265.27 2 1
zai-proxy/internal/handler/anthropic.go:265.27,266.38 1 0
zai-proxy/internal/handler/anthropic.go:267.31,269.18 2 0
zai-proxy/internal/handler/anthropic.go:270.16,271.24 1 0
zai-proxy/internal/handler/anthropic.go:272.15,273.28 1 0
zai-proxy/internal/handler/anthropic.go:274.16,275.24 1 0
zai-proxy/internal/handler/anthropic.go:276.16,277.44 1 0
zai-proxy/internal/handler/anthropic.go:277.44,282.6 1 0
zai-proxy/internal/handler/anthropic.go:287.2,287.36 1 1
zai-proxy/internal/handler/anthropic.go:290.77,291.25 1 1
zai-proxy/internal/handler/anthropic.go:291.25,293.3 1 0
zai-proxy/internal/handler/anthropic.go:294.2,294.94 1 1
zai-proxy/internal/handler/anthropic.go:294.94,296.3 1 0
zai-proxy/internal/handler/anthropic.go:297.2,297.84 1 1
zai-proxy/internal/handler/anthropic.go:300.68,301.29 1 1
zai-proxy/internal/handler/anthropic.go:302.14,303.11 1 0
zai-proxy/internal/handler/anthropic.go:304.21,306.26 2 1
zai-proxy/internal/handler/anthropic.go:306.26,307.53 1 1
zai-proxy/internal/handler/anthropic.go:307.53,308.43 1 1
zai-proxy/internal/handler/anthropic.go:308.43,310.6 1 1
zai-proxy/internal/handler/anthropic.go:313.3,313.23 1 1
zai-proxy/internal/handler/anthropic.go:313.23,315.4 1 1
zai-proxy/internal/handler/anthropic.go:316.3,317.17 2 0
zai-proxy/internal/handler/anthropic.go:317.17,319.4 1 0
zai-proxy/internal/handler/anthropic.go:320.3,320.12 1 0
zai-proxy/internal/handler/anthropic.go:321.30,323.17 2 1
zai-proxy/internal/handler/anthropic.go:323.17,325.4 1 1
zai-proxy/internal/handler/anthropic.go:326.3,326.12 1 0
zai-proxy/internal/handler/anthropic.go:327.10,329.17 2 0
zai-proxy/internal/handler/anthropic.go:329.17,331.4 1 0
zai-proxy/internal/handler/anthropic.go:332.3,332.12 1 0
zai-proxy/internal/handler/anthropic.go:336.54,337.18 1 1
zai-proxy/internal/handler/anthropic.go:337.18,339.3 1 1
zai-proxy/internal/handler/anthropic.go:340.2,340.9 1 0
zai-proxy/internal/handler/anthropic.go:341.42,342.16 1 0
zai-proxy/internal/handler/anthropic.go:343.49,344.39 1 0
zai-proxy/internal/handler/anthropic.go:345.10,346.12 1 0
zai-proxy/internal/handler/anthropic.go:350.61,351.25 1 1
zai-proxy/internal/handler/anthropic.go:351.25,353.3 1 0
zai-proxy/internal/handler/anthropic.go:354.2,354.9 1 1
zai-proxy/internal/handler/anthropic.go:355.42,356.140 1 1
zai-proxy/internal/handler/anthropic.go:357.49,358.144 1 1
zai-proxy/internal/handler/anthropic.go:359.10,360.12 1 1
zai-proxy/internal/handler/anthropic.go:364.66,365.26 1 1
zai-proxy/internal/handler/anthropic.go:365.26,367.3 1 1
zai-proxy/internal/handler/anthropic.go:369.2,369.9 1 1
zai-proxy/internal/handler/anthropic.go:370.42,383.4 1 1
zai-proxy/internal/handler/anthropic.go:384.49,424.4 1 1
zai-proxy/internal/handler/anthropic.go:425.10,426.13 1 0
zai-proxy/internal/handler/anthropic.go:431.134,437.9 5 1
zai-proxy/internal/handler/anthropic.go:437.9,440.3 2 0
zai-proxy/internal/handler/anthropic.go:443.2,473.21 16 1
zai-proxy/internal/handler/anthropic.go:473.21,477.41 3 1
zai-proxy/internal/handler/anthropic.go:477.41,478.12 1 0
zai-proxy/internal/handler/anthropic.go:481.3,482.26 2 1
zai-proxy/internal/handler/anthropic.go:482.26,483.9 1 0
zai-proxy/internal/handler/anthropic.go:486.3,487.72 2 1
zai-proxy/internal/handler/anthropic.go:487.72,488.12 1 0
zai-proxy/internal/handler/anthropic.go:491.3,491.40 1 1
zai-proxy/internal/handler/anthropic.go:491.40,492.9 1 1
zai-proxy/internal/handler/anthropic.go:496.3,496.84 1 1
zai-proxy/internal/handler/anthropic.go:496.84,498.80 2 0
zai-proxy/internal/handler/anthropic.go:498.80,502.5 3 0
zai-proxy/internal/handler/anthropic.go:503.4,507.93 3 0
zai-proxy/internal/handler/anthropic.go:507.93,509.5 1 0
zai-proxy/internal/handler/anthropic.go:511.4,511.30 1 0
zai-proxy/internal/handler/anthropic.go:511.30,515.31 3 0
zai-proxy/internal/handler/anthropic.go:515.31,517.21 1 0
zai-proxy/internal/handler/anthropic.go:517.21,523.7 3 0
zai-proxy/internal/handler/anthropic.go:526.6,526.26 1 0
zai-proxy/internal/handler/anthropic.go:526.26,533.7 2 0
zai-proxy/internal/handler/anthropic.go:535.6,540.8 2 0
zai-proxy/internal/handler/anthropic.go:543.4,543.12 1 0
zai-proxy/internal/handler/anthropic.go:546.3,546.36 1 1
zai-proxy/internal/handler/anthropic.go:546.36,548.4 1 1
zai-proxy/internal/handler/anthropic.go:551.3,552.69 2 1
zai-proxy/internal/handler/anthropic.go:552.69,553.75 1 0
zai-proxy/internal/handler/anthropic.go:553.75,555.5 1 0
zai-proxy/internal/handler/anthropic.go:556.4,556.12 1 0
zai-proxy/internal/handler/anthropic.go:558.3,558.75 1 1
zai-proxy/internal/handler/anthropic.go:558.75,560.29 2 0
zai-proxy/internal/handler/anthropic.go:560.29,562.5 1 0
zai-proxy/internal/handler/anthropic.go:563.4,563.12 1 0
zai-proxy/internal/handler/anthropic.go:565.3,565.66 1 1
zai-proxy/internal/handler/anthropic.go:565.66,567.29 2 0
zai-proxy/internal/handler/anthropic.go:567.29,569.5 1 0
zai-proxy/internal/handler/anthropic.go:570.4,570.12 1 0
zai-proxy/internal/handler/anthropic.go:572.3,572.89 1 1
zai-proxy/internal/handler/anthropic.go:572.89,573.12 1 0
zai-proxy/internal/handler/anthropic.go:577.3,577.109 1 1
zai-proxy/internal/handler/anthropic.go:577.109,578.83 1 1
zai-proxy/internal/handler/anthropic.go:578.83,579.30 1 1
zai-proxy/internal/handler/anthropic.go:579.30,580.31 1 1
zai-proxy/internal/handler/anthropic.go:580.31,582.7 1 1
zai-proxy/internal/handler/anthropic.go:584.5,588.24 3 1
zai-proxy/internal/handler/anthropic.go:588.24,594.6 3 0
zai-proxy/internal/handler/anthropic.go:595.5,595.20 1 1
zai-proxy/internal/handler/anthropic.go:595.20,601.6 3 0
zai-proxy/internal/handler/anthropic.go:603.5,603.34 1 1
zai-proxy/internal/handler/anthropic.go:603.34,605.6 1 1
zai-proxy/internal/handler/anthropic.go:607.4,607.12 1 1
zai-proxy/internal/handler/anthropic.go:611.3,611.75 1 1
zai-proxy/internal/handler/anthropic.go:611.75,614.32 3 0
zai-proxy/internal/handler/anthropic.go:614.32,615.25 1 0
zai-proxy/internal/handler/anthropic.go:615.25,617.21 1 0
zai-proxy/internal/handler/anthropic.go:617.21,623.7 3 0
zai-proxy/internal/handler/anthropic.go:624.6,629.28 2 0
zai-proxy/internal/handler/anthropic.go:631.5,636.7 2 0
zai-proxy/internal/handler/anthropic.go:641.3,642.82 2 1
zai-proxy/internal/handler/anthropic.go:642.82,644.4 1 1
zai-proxy/internal/handler/anthropic.go:644.9,644.70 1 0
zai-proxy/internal/handler/anthropic.go:644.70,645.51 1 0
zai-proxy/internal/handler/anthropic.go:645.51,646.67 1 0
zai-proxy/internal/handler/anthropic.go:646.67,648.47 2 0
zai-proxy/internal/handler/anthropic.go:648.47,650.7 1 0
zai-proxy/internal/handler/anthropic.go:650.12,652.7 1 0
zai-proxy/internal/handler/anthropic.go:653.6,653.53 1 0
zai-proxy/internal/handler/anthropic.go:656.9,656.113 1 0
zai-proxy/internal/handler/anthropic.go:656.113,658.56 2 0
zai-proxy/internal/handler/anthropic.go:658.56,661.5 2 0
zai-proxy/internal/handler/anthropic.go:661.10,663.5 1 0
zai-proxy/internal/handler/anthropic.go:666.3,666.20 1 1
zai-proxy/internal/handler/anthropic.go:666.20,667.12 1 0
zai-proxy/internal/handler/anthropic.go:670.3,671.20 2 1
zai-proxy/internal/handler/anthropic.go:671.20,672.12 1 0
zai-proxy/internal/handler/anthropic.go:675.3,676.82 2 1
zai-proxy/internal/handler/anthropic.go:676.82,678.4 1 1
zai-proxy/internal/handler/anthropic.go:681.3,681.21 1 1
zai-proxy/internal/handler/anthropic.go:681.21,683.8 2 0
zai-proxy/internal/handler/anthropic.go:683.8,685.22 2 0
zai-proxy/internal/handler/anthropic.go:685.22,686.11 1 0
zai-proxy/internal/handler/anthropic.go:688.5,688.20 1 0
zai-proxy/internal/handler/anthropic.go:688.20,691.27 3 0
zai-proxy/internal/handler/anthropic.go:691.27,693.7 1 0
zai-proxy/internal/handler/anthropic.go:695.5,701.23 6 0
zai-proxy/internal/handler/anthropic.go:701.23,703.6 1 0
zai-proxy/internal/handler/anthropic.go:704.5,704.28 1 0
zai-proxy/internal/handler/anthropic.go:704.28,706.48 2 0
zai-proxy/internal/handler/anthropic.go:706.48,708.7 1 0
zai-proxy/internal/handler/anthropic.go:710.5,710.26 1 0
zai-proxy/internal/handler/anthropic.go:710.26,712.48 2 0
zai-proxy/internal/handler/anthropic.go:712.48,714.7 1 0
zai-proxy/internal/handler/anthropic.go:716.5,716.23 1 0
zai-proxy/internal/handler/anthropic.go:716.23,717.11 1 0
zai-proxy/internal/handler/anthropic.go:720.5,724.29 4 0
zai-proxy/internal/handler/anthropic.go:724.29,729.25 3 0
zai-proxy/internal/handler/anthropic.go:729.25,735.7 3 0
zai-proxy/internal/handler/anthropic.go:736.6,736.21 1 0
zai-proxy/internal/handler/anthropic.go:736.21,742.7 3 0
zai-proxy/internal/handler/anthropic.go:744.6,744.37 1 0
zai-proxy/internal/handler/anthropic.go:744.37,747.7 2 0
zai-proxy/internal/handler/anthropic.go:750.4,750.12 1 0
zai-proxy/internal/handler/anthropic.go:753.3,753.128 1 1
zai-proxy/internal/handler/anthropic.go:756.2,756.38 1 1
zai-proxy/internal/handler/anthropic.go:756.38,758.3 1 0
zai-proxy/internal/handler/anthropic.go:761.2,761.28 1 1
zai-proxy/internal/handler/anthropic.go:761.28,763.27 2 0
zai-proxy/internal/handler/anthropic.go:763.27,767.23 3 0
zai-proxy/internal/handler/anthropic.go:767.23,773.5 3 0
zai-proxy/internal/handler/anthropic.go:774.4,774.19 1 0
zai-proxy/internal/handler/anthropic.go:774.19,780.5 3 0
zai-proxy/internal/handler/anthropic.go:782.4,782.35 1 0
zai-proxy/internal/handler/anthropic.go:782.35,785.5 2 0
zai-proxy/internal/handler/anthropic.go:787.3,787.25 1 0
zai-proxy/internal/handler/anthropic.go:787.25,789.4 1 0
zai-proxy/internal/handler/anthropic.go:790.3,790.24 1 0
zai-proxy/internal/handler/anthropic.go:794.2,794.59 1 1
zai-proxy/internal/handler/anthropic.go:794.59,796.3 1 0
zai-proxy/internal/handler/anthropic.go:798.2,798.34 1 1
zai-proxy/internal/handler/anthropic.go:798.34,800.3 1 0
zai-proxy/internal/handler/anthropic.go:803.2,803.21 1 1
zai-proxy/internal/handler/anthropic.go:803.21,809.3 3 0
zai-proxy/internal/handler/anthropic.go:810.2,810.17 1 1
zai-proxy/internal/handler/anthropic.go:810.17,816.3 3 1
zai-proxy/internal/handler/anthropic.go:817.2,817.20 1 1
zai-proxy/internal/handler/anthropic.go:817.20,823.3 3 1
zai-proxy/internal/handler/anthropic.go:826.2,827.18 2 1
zai-proxy/internal/handler/anthropic.go:827.18,829.3 1 1
zai-proxy/internal/handler/anthropic.go:832.2,850.23 6 1
zai-proxy/internal/handler/anthropic.go:854.137,865.21 9 0
zai-proxy/internal/handler/anthropic.go:865.21,867.41 2 0
zai-proxy/internal/handler/anthropic.go:867.41,868.12 1 0
zai-proxy/internal/handler/anthropic.go:871.3,872.26 2 0
zai-proxy/internal/handler/anthropic.go:872.26,873.9 1 0
zai-proxy/internal/handler/anthropic.go:876.3,877.72 2 0
zai-proxy/internal/handler/anthropic.go:877.72,878.12 1 0
zai-proxy/internal/handler/anthropic.go:881.3,881.40 1 0
zai-proxy/internal/handler/anthropic.go:881.40,882.9 1 0
zai-proxy/internal/handler/anthropic.go:885.3,885.84 1 0
zai-proxy/internal/handler/anthropic.go:885.84,886.80 1 0
zai-proxy/internal/handler/anthropic.go:886.80,889.46 3 0
zai-proxy/internal/handler/anthropic.go:889.46,891.6 1 0
zai-proxy/internal/handler/anthropic.go:893.4,896.30 4 0
zai-proxy/internal/handler/anthropic.go:896.30,899.5 2 0
zai-proxy/internal/handler/anthropic.go:900.4,900.12 1 0
zai-proxy/internal/handler/anthropic.go:903.3,903.36 1 0
zai-proxy/internal/handler/anthropic.go:903.36,905.4 1 0
zai-proxy/internal/handler/anthropic.go:907.3,908.69 2 0
zai-proxy/internal/handler/anthropic.go:908.69,909.75 1 0
zai-proxy/internal/handler/anthropic.go:909.75,911.5 1 0
zai-proxy/internal/handler/anthropic.go:912.4,912.12 1 0
zai-proxy/internal/handler/anthropic.go:914.3,914.75 1 0
zai-proxy/internal/handler/anthropic.go:914.75,916.29 2 0
zai-proxy/internal/handler/anthropic.go:916.29,918.5 1 0
zai-proxy/internal/handler/anthropic.go:919.4,919.12 1 0
zai-proxy/internal/handler/anthropic.go:921.3,921.66 1 0
zai-proxy/internal/handler/anthropic.go:921.66,923.29 2 0
zai-proxy/internal/handler/anthropic.go:923.29,925.5 1 0
zai-proxy/internal/handler/anthropic.go:926.4,926.12 1 0
zai-proxy/internal/handler/anthropic.go:928.3,928.89 1 0
zai-proxy/internal/handler/anthropic.go:928.89,929.12 1 0
zai-proxy/internal/handler/anthropic.go:931.3,931.109 1 0
zai-proxy/internal/handler/anthropic.go:931.109,932.83 1 0
zai-proxy/internal/handler/anthropic.go:932.83,933.30 1 0
zai-proxy/internal/handler/anthropic.go:933.30,934.31 1 0
zai-proxy/internal/handler/anthropic.go:934.31,936.7 1 0
zai-proxy/internal/handler/anthropic.go:938.5,938.35 1 0
zai-proxy/internal/handler/anthropic.go:940.4,940.12 1 0
zai-proxy/internal/handler/anthropic.go:943.3,944.82 2 0
zai-proxy/internal/handler/anthropic.go:944.82,946.4 1 0
zai-proxy/internal/handler/anthropic.go:946.9,946.70 1 0
zai-proxy/internal/handler/anthropic.go:946.70,947.51 1 0
zai-proxy/internal/handler/anthropic.go:947.51,949.31 2 0
zai-proxy/internal/handler/anthropic.go:949.31,951.6 1 0
zai-proxy/internal/handler/anthropic.go:952.5,952.67 1 0
zai-proxy/internal/handler/anthropic.go:952.67,954.47 2 0
zai-proxy/internal/handler/anthropic.go:954.47,956.7 1 0
zai-proxy/internal/handler/anthropic.go:956.12,958.7 1 0
zai-proxy/internal/handler/anthropic.go:961.9,961.113 1 0
zai-proxy/internal/handler/anthropic.go:961.113,963.4 1 0
zai-proxy/internal/handler/anthropic.go:965.3,965.20 1 0
zai-proxy/internal/handler/anthropic.go:965.20,967.4 1 0
zai-proxy/internal/handler/anthropic.go:970.2,976.52 5 0
zai-proxy/internal/handler/anthropic.go:976.52,978.31 2 0
zai-proxy/internal/handler/anthropic.go:978.31,981.4 2 0
zai-proxy/internal/handler/anthropic.go:985.2,987.40 2 0
zai-proxy/internal/handler/anthropic.go:987.40,992.3 1 0
zai-proxy/internal/handler/anthropic.go:994.2,994.23 1 0
zai-proxy/internal/handler/anthropic.go:994.23,999.3 1 0
zai-proxy/internal/handler/anthropic.go:1001.2,1001.40 1 0
zai-proxy/internal/handler/anthropic.go:1001.40,1002.18 1 0
zai-proxy/internal/handler/anthropic.go:1002.18,1004.4 1 0
zai-proxy/internal/handler/anthropic.go:1005.3,1010.5 1 0
zai-proxy/internal/handler/anthropic.go:1013.2,1013.29 1 0
zai-proxy/internal/handler/anthropic.go:1013.29,1018.3 1 0
zai-proxy/internal/handler/anthropic.go:1020.2,1021.33 2 0
zai-proxy/internal/handler/anthropic.go:1021.33,1023.3 1 0
zai-proxy/internal/handler/anthropic.go:1025.2,1036.37 3 0
zai-proxy/internal/handler/anthropic.go:1040.181,1041.16 1 1
zai-proxy/internal/handler/anthropic.go:1041.16,1043.3 1 0
zai-proxy/internal/handler/anthropic.go:1046.2,1046.22 1 1
zai-proxy/internal/handler/anthropic.go:1046.22,1052.3 3 0
zai-proxy/internal/handler/anthropic.go:1055.2,1055.21 1 1
zai-proxy/internal/handler/anthropic.go:1055.21,1061.3 3 0
zai-proxy/internal/handler/anthropic.go:1064.2,1064.19 1 1
zai-proxy/internal/handler/anthropic.go:1064.19,1071.3 2 1
zai-proxy/internal/handler/anthropic.go:1073.2,1078.4 2 1
zai-proxy/internal/handler/anthropic.go:1082.137,1084.21 1 1
zai-proxy/internal/handler/anthropic.go:1084.21,1089.3 2 0
zai-proxy/internal/handler/anthropic.go:1091.2,1092.18 2 1
zai-proxy/internal/handler/anthropic.go:1092.18,1094.3 1 0
zai-proxy/internal/handler/anthropic.go:1097.2,1114.4 3 1
zai-proxy/internal/handler/anthropic.go:1118.104,1120.16 2 1
zai-proxy/internal/handler/anthropic.go:1120.16,1123.3 2 0
zai-proxy/internal/handler/anthropic.go:1124.2,1125.17 2 1
zai-proxy/internal/handler/anthropic.go:1129.92,1139.2 3 0
zai-proxy/internal/handler/assistant_turn.go:32.46,34.2 1 0
zai-proxy/internal/handler/assistant_turn.go:40.107,52.21 11 1
zai-proxy/internal/handler/assistant_turn.go:52.21,54.41 2 1
zai-proxy/internal/handler/assistant_turn.go:54.41,55.12 1 0
zai-proxy/internal/handler/assistant_turn.go:58.3,59.26 2 1
zai-proxy/internal/handler/assistant_turn.go:59.26,60.9 1 0
zai-proxy/internal/handler/assistant_turn.go:63.3,64.72 2 1
zai-proxy/internal/handler/assistant_turn.go:64.72,66.12 2 0
zai-proxy/internal/handler/assistant_turn.go:69.3,69.40 1 1
zai-proxy/internal/handler/assistant_turn.go:69.40,70.9 1 1
zai-proxy/internal/handler/assistant_turn.go:73.3,73.84 1 1
zai-proxy/internal/handler/assistant_turn.go:73.84,74.80 1 0
zai-proxy/internal/handler/assistant_turn.go:74.80,77.46 3 0
zai-proxy/internal/handler/assistant_turn.go:77.46,79.6 1 0
zai-proxy/internal/handler/assistant_turn.go:81.4,85.30 4 0
zai-proxy/internal/handler/assistant_turn.go:85.30,88.5 2 0
zai-proxy/internal/handler/assistant_turn.go:89.4,89.12 1 0
zai-proxy/internal/handler/assistant_turn.go:92.3,92.36 1 1
zai-proxy/internal/handler/assistant_turn.go:92.36,94.4 1 1
zai-proxy/internal/handler/assistant_turn.go:96.3,97.69 2 1
zai-proxy/internal/handler/assistant_turn.go:97.69,98.75 1 0
zai-proxy/internal/handler/assistant_turn.go:98.75,101.5 2 0
zai-proxy/internal/handler/assistant_turn.go:102.4,102.12 1 0
zai-proxy/internal/handler/assistant_turn.go:104.3,104.75 1 1
zai-proxy/internal/handler/assistant_turn.go:104.75,106.29 2 0
zai-proxy/internal/handler/assistant_turn.go:106.29,108.5 1 0
zai-proxy/internal/handler/assistant_turn.go:109.4,109.80 1 0
zai-proxy/internal/handler/assistant_turn.go:109.80,111.5 1 0
zai-proxy/internal/handler/assistant_turn.go:112.4,112.12 1 0
zai-proxy/internal/handler/assistant_turn.go:114.3,114.66 1 1
zai-proxy/internal/handler/assistant_turn.go:114.66,116.29 2 0
zai-proxy/internal/handler/assistant_turn.go:116.29,118.5 1 0
zai-proxy/internal/handler/assistant_turn.go:119.4,119.12 1 0
zai-proxy/internal/handler/assistant_turn.go:121.3,121.89 1 1
zai-proxy/internal/handler/assistant_turn.go:121.89,122.12 1 0
zai-proxy/internal/handler/assistant_turn.go:124.3,124.109 1 1
zai-proxy/internal/handler/assistant_turn.go:124.109,125.83 1 1
zai-proxy/internal/handler/assistant_turn.go:125.83,128.5 2 1
zai-proxy/internal/handler/assistant_turn.go:129.4,129.12 1 1
zai-proxy/internal/handler/assistant_turn.go:132.3,132.35 1 1
zai-proxy/internal/handler/assistant_turn.go:132.35,133.19 1 0
zai-proxy/internal/handler/assistant_turn.go:133.19,135.5 1 0
zai-proxy/internal/handler/assistant_turn.go:135.10,137.5 1 0
zai-proxy/internal/handler/assistant_turn.go:138.4,138.31 1 0
zai-proxy/internal/handler/assistant_turn.go:140.3,140.39 1 1
zai-proxy/internal/handler/assistant_turn.go:140.39,143.4 2 0
zai-proxy/internal/handler/assistant_turn.go:145.3,146.82 2 1
zai-proxy/internal/handler/assistant_turn.go:146.82,148.4 1 1
zai-proxy/internal/handler/assistant_turn.go:148.9,148.70 1 0
zai-proxy/internal/handler/assistant_turn.go:148.70,149.51 1 0
zai-proxy/internal/handler/assistant_turn.go:149.51,151.31 2 0
zai-proxy/internal/handler/assistant_turn.go:151.31,153.6 1 0
zai-proxy/internal/handler/assistant_turn.go:154.5,154.67 1 0
zai-proxy/internal/handler/assistant_turn.go:154.67,156.47 2 0
zai-proxy/internal/handler/assistant_turn.go:156.47,158.7 1 0
zai-proxy/internal/handler/assistant_turn.go:158.12,160.7 1 0
zai-proxy/internal/handler/assistant_turn.go:163.9,163.113 1 0
zai-proxy/internal/handler/assistant_turn.go:163.113,165.4 1 0
zai-proxy/internal/handler/assistant_turn.go:167.3,167.20 1 1
zai-proxy/internal/handler/assistant_turn.go:167.20,169.4 1 1
zai-proxy/internal/handler/assistant_turn.go:172.2,177.52 5 1
zai-proxy/internal/handler/assistant_turn.go:177.52,179.31 2 1
zai-proxy/internal/handler/assistant_turn.go:179.31,183.4 3 0
zai-proxy/internal/handler/assistant_turn.go:186.2,186.38 1 1
zai-proxy/internal/handler/assistant_turn.go:186.38,188.3 1 0
zai-proxy/internal/handler/assistant_turn.go:190.2,194.8 1 1
zai-proxy/internal/handler/assistant_turn.go:197.74,198.27 1 1
zai-proxy/internal/handler/assistant_turn.go:198.27,199.28 1 1
zai-proxy/internal/handler/assistant_turn.go:199.28,201.4 1 1
zai-proxy/internal/handler/assistant_turn.go:202.3,203.30 2 1
zai-proxy/internal/handler/assistant_turn.go:203.30,205.4 1 0
zai-proxy/internal/handler/assistant_turn.go:209.253,213.66 3 1
zai-proxy/internal/handler/assistant_turn.go:213.66,215.17 2 1
zai-proxy/internal/handler/assistant_turn.go:215.17,217.4 1 0
zai-proxy/internal/handler/assistant_turn.go:218.3,220.39 2 1
zai-proxy/internal/handler/assistant_turn.go:220.39,224.22 4 0
zai-proxy/internal/handler/assistant_turn.go:224.22,226.5 1 0
zai-proxy/internal/handler/assistant_turn.go:226.10,228.5 1 0
zai-proxy/internal/handler/assistant_turn.go:229.4,229.26 1 0
zai-proxy/internal/handler/assistant_turn.go:229.26,231.5 1 0
zai-proxy/internal/handler/assistant_turn.go:232.4,232.103 1 0
zai-proxy/internal/handler/assistant_turn.go:235.3,237.17 3 1
zai-proxy/internal/handler/assistant_turn.go:237.17,239.4 1 0
zai-proxy/internal/handler/assistant_turn.go:241.3,241.61 1 1
zai-proxy/internal/handler/assistant_turn.go:241.61,243.4 1 1
zai-proxy/internal/handler/assistant_turn.go:245.3,245.68 1 1
zai-proxy/internal/handler/assistant_turn.go:245.68,247.4 1 1
zai-proxy/internal/handler/assistant_turn.go:249.3,249.45 1 1
zai-proxy/internal/handler/assistant_turn.go:249.45,251.4 1 0
zai-proxy/internal/handler/assistant_turn.go:253.3,258.37 2 1
zai-proxy/internal/handler/assistant_turn.go:258.37,264.4 1 1
zai-proxy/internal/handler/assistant_turn.go:267.2,267.124 1 0
zai-proxy/internal/handler/assistant_turn.go:270.104,271.25 1 1
zai-proxy/internal/handler/assistant_turn.go:271.25,273.3 1 0
zai-proxy/internal/handler/assistant_turn.go:274.2,274.31 1 1
zai-proxy/internal/handler/assistant_turn.go:274.31,275.55 1 1
zai-proxy/internal/handler/assistant_turn.go:275.55,277.4 1 1
zai-proxy/internal/handler/assistant_turn.go:279.2,279.13 1 1
zai-proxy/internal/handler/assistant_turn.go:282.106,284.29 2 1
zai-proxy/internal/handler/assistant_turn.go:284.29,286.3 1 0
zai-proxy/internal/handler/assistant_turn.go:288.2,307.37 3 1
zai-proxy/internal/handler/assistant_turn.go:310.103,316.9 5 0
zai-proxy/internal/handler/assistant_turn.go:316.9,319.3 2 0
zai-proxy/internal/handler/assistant_turn.go:321.2,321.33 1 0
zai-proxy/internal/handler/assistant_turn.go:321.33,336.3 4 0
zai-proxy/internal/handler/assistant_turn.go:338.2,338.24 1 0
zai-proxy/internal/handler/assistant_turn.go:338.24,340.3 1 0
zai-proxy/internal/handler/assistant_turn.go:342.2,342.36 1 0
zai-proxy/internal/handler/assistant_turn.go:342.36,359.3 4 0
zai-proxy/internal/handler/assistant_turn.go:361.2,362.29 2 0
zai-proxy/internal/handler/assistant_turn.go:362.29,364.3 1 0
zai-proxy/internal/handler/assistant_turn.go:365.2,381.17 5 0
zai-proxy/internal/handler/assistant_turn.go:384.109,387.33 2 1
zai-proxy/internal/handler/assistant_turn.go:387.33,392.3 1 0
zai-proxy/internal/handler/assistant_turn.go:394.2,394.24 1 1
zai-proxy/internal/handler/assistant_turn.go:394.24,399.3 1 1
zai-proxy/internal/handler/assistant_turn.go:401.2,401.36 1 1
zai-proxy/internal/handler/assistant_turn.go:401.36,408.3 1 1
zai-proxy/internal/handler/assistant_turn.go:410.2,410.29 1 1
zai-proxy/internal/handler/assistant_turn.go:410.29,415.3 1 0
zai-proxy/internal/handler/assistant_turn.go:417.2,418.29 2 1
zai-proxy/internal/handler/assistant_turn.go:418.29,420.3 1 1
zai-proxy/internal/handler/assistant_turn.go:422.2,433.37 3 1
zai-proxy/internal/handler/assistant_turn.go:436.106,442.9 5 0
zai-proxy/internal/handler/assistant_turn.go:442.9,445.3 2 0
zai-proxy/internal/handler/assistant_turn.go:447.2,461.33 3 0
zai-proxy/internal/handler/assistant_turn.go:461.33,477.3 4 0
zai-proxy/internal/handler/assistant_turn.go:479.2,479.85 1 0
zai-proxy/internal/handler/assistant_turn.go:479.85,485.25 2 0
zai-proxy/internal/handler/assistant_turn.go:485.25,491.4 1 0
zai-proxy/internal/handler/assistant_turn.go:492.3,496.22 2 0
zai-proxy/internal/handler/assistant_turn.go:499.2,499.36 1 0
zai-proxy/internal/handler/assistant_turn.go:499.36,501.19 2 0
zai-proxy/internal/handler/assistant_turn.go:501.19,503.4 1 0
zai-proxy/internal/handler/assistant_turn.go:504.3,523.22 4 0
zai-proxy/internal/handler/assistant_turn.go:526.2,527.29 2 0
zai-proxy/internal/handler/assistant_turn.go:527.29,529.3 1 0
zai-proxy/internal/handler/assistant_turn.go:531.2,541.96 2 0
zai-proxy/internal/handler/assistant_turn.go:544.57,545.40 1 1
zai-proxy/internal/handler/assistant_turn.go:545.40,547.3 1 0
zai-proxy/internal/handler/assistant_turn.go:548.2,548.35 1 1
zai-proxy/internal/handler/chat.go:22.68,24.17 2 1
zai-proxy/internal/handler/chat.go:24.17,26.3 1 0
zai-proxy/internal/handler/chat.go:27.2,27.17 1 1
zai-proxy/internal/handler/chat.go:27.17,30.3 2 0
zai-proxy/internal/handler/chat.go:32.2,32.21 1 1
zai-proxy/internal/handler/chat.go:32.21,34.17 2 0
zai-proxy/internal/handler/chat.go:34.17,38.4 3 0
zai-proxy/internal/handler/chat.go:39.3,39.25 1 0
zai-proxy/internal/handler/chat.go:42.2,43.61 2 1
zai-proxy/internal/handler/chat.go:43.61,46.3 2 0
zai-proxy/internal/handler/chat.go:48.2,48.21 1 1
zai-proxy/internal/handler/chat.go:48.21,50.3 1 0
zai-proxy/internal/handler/chat.go:52.2,56.17 4 1
zai-proxy/internal/handler/chat.go:56.17,58.17 2 1
zai-proxy/internal/handler/chat.go:58.17,61.4 2 0
zai-proxy/internal/handler/chat.go:62.3,63.9 2 1
zai-proxy/internal/handler/chat.go:66.2,66.42 1 0
zai-proxy/internal/handler/chat.go:66.42,68.17 2 0
zai-proxy/internal/handler/chat.go:68.17,71.4 2 0
zai-proxy/internal/handler/chat.go:72.3,73.9 2 0
zai-proxy/internal/handler/chat.go:76.2,77.16 2 0
zai-proxy/internal/handler/chat.go:77.16,81.3 3 0
zai-proxy/internal/handler/chat.go:82.2,84.38 2 0
zai-proxy/internal/handler/chat.go:84.38,87.17 3 0
zai-proxy/internal/handler/chat.go:87.17,89.4 1 0
zai-proxy/internal/handler/chat.go:89.9,91.4 1 0
zai-proxy/internal/handler/chat.go:92.3,92.25 1 0
zai-proxy/internal/handler/chat.go:92.25,94.4 1 0
zai-proxy/internal/handler/chat.go:95.3,97.9 3 0
zai-proxy/internal/handler/chat.go:100.2,100.83 1 0
zai-proxy/internal/handler/chat.go:103.64,105.32 2 0
zai-proxy/internal/handler/chat.go:105.32,109.3 3 0
zai-proxy/internal/handler/chat.go:111.2,112.56 2 0
zai-proxy/internal/handler/chat.go:115.122,121.9 5 1
zai-proxy/internal/handler/chat.go:121.9,124.3 2 0
zai-proxy/internal/handler/chat.go:126.2,138.21 12 1
zai-proxy/internal/handler/chat.go:138.21,142.41 3 1
zai-proxy/internal/handler/chat.go:142.41,144.12 2 0
zai-proxy/internal/handler/chat.go:147.3,148.26 2 1
zai-proxy/internal/handler/chat.go:148.26,149.9 1 1
zai-proxy/internal/handler/chat.go:152.3,153.72 2 1
zai-proxy/internal/handler/chat.go:153.72,155.12 2 0
zai-proxy/internal/handler/chat.go:158.3,160.40 2 1
zai-proxy/internal/handler/chat.go:160.40,161.9 1 1
zai-proxy/internal/handler/chat.go:164.3,164.84 1 1
zai-proxy/internal/handler/chat.go:164.84,166.80 2 0
zai-proxy/internal/handler/chat.go:166.80,170.5 3 0
zai-proxy/internal/handler/chat.go:171.4,175.93 3 0
zai-proxy/internal/handler/chat.go:175.93,177.5 1 0
zai-proxy/internal/handler/chat.go:179.4,179.30 1 0
zai-proxy/internal/handler/chat.go:179.30,183.31 3 0
zai-proxy/internal/handler/chat.go:183.31,197.21 4 0
zai-proxy/internal/handler/chat.go:197.21,197.61 1 0
zai-proxy/internal/handler/chat.go:198.6,198.21 1 0
zai-proxy/internal/handler/chat.go:201.4,201.12 1 0
zai-proxy/internal/handler/chat.go:204.3,204.36 1 1
zai-proxy/internal/handler/chat.go:204.36,206.4 1 1
zai-proxy/internal/handler/chat.go:208.3,209.69 2 1
zai-proxy/internal/handler/chat.go:209.69,210.75 1 0
zai-proxy/internal/handler/chat.go:210.75,213.5 2 0
zai-proxy/internal/handler/chat.go:214.4,214.12 1 0
zai-proxy/internal/handler/chat.go:216.3,216.75 1 1
zai-proxy/internal/handler/chat.go:216.75,218.29 2 0
zai-proxy/internal/handler/chat.go:218.29,220.30 2 0
zai-proxy/internal/handler/chat.go:220.30,234.21 4 0
zai-proxy/internal/handler/chat.go:234.21,234.61 1 0
zai-proxy/internal/handler/chat.go:235.6,235.21 1 0
zai-proxy/internal/handler/chat.go:238.4,238.80 1 0
zai-proxy/internal/handler/chat.go:238.80,240.5 1 0
zai-proxy/internal/handler/chat.go:241.4,241.12 1 0
zai-proxy/internal/handler/chat.go:243.3,243.66 1 1
zai-proxy/internal/handler/chat.go:243.66,245.29 2 1
zai-proxy/internal/handler/chat.go:245.29,247.30 2 0
zai-proxy/internal/handler/chat.go:247.30,261.21 4 0
zai-proxy/internal/handler/chat.go:261.21,261.61 1 0
zai-proxy/internal/handler/chat.go:262.6,262.21 1 0
zai-proxy/internal/handler/chat.go:265.4,265.12 1 1
zai-proxy/internal/handler/chat.go:267.3,267.89 1 1
zai-proxy/internal/handler/chat.go:267.89,268.12 1 0
zai-proxy/internal/handler/chat.go:271.3,271.66 1 1
zai-proxy/internal/handler/chat.go:271.66,273.4 1 1
zai-proxy/internal/handler/chat.go:274.3,274.109 1 1
zai-proxy/internal/handler/chat.go:274.109,275.83 1 1
zai-proxy/internal/handler/chat.go:275.83,276.30 1 1
zai-proxy/internal/handler/chat.go:276.30,277.31 1 1
zai-proxy/internal/handler/chat.go:277.31,279.7 1 1
zai-proxy/internal/handler/chat.go:280.6,280.28 1 1
zai-proxy/internal/handler/chat.go:282.5,285.34 3 1
zai-proxy/internal/handler/chat.go:285.34,301.21 4 1
zai-proxy/internal/handler/chat.go:301.21,301.61 1 1
zai-proxy/internal/handler/chat.go:302.6,302.21 1 1
zai-proxy/internal/handler/chat.go:305.4,305.12 1 1
zai-proxy/internal/handler/chat.go:308.3,308.35 1 1
zai-proxy/internal/handler/chat.go:308.35,322.19 4 0
zai-proxy/internal/handler/chat.go:322.19,322.59 1 0
zai-proxy/internal/handler/chat.go:323.4,324.31 2 0
zai-proxy/internal/handler/chat.go:326.3,326.39 1 1
zai-proxy/internal/handler/chat.go:326.39,340.19 4 0
zai-proxy/internal/handler/chat.go:340.19,340.59 1 0
zai-proxy/internal/handler/chat.go:341.4,342.35 2 0
zai-proxy/internal/handler/chat.go:345.3,348.75 3 1
zai-proxy/internal/handler/chat.go:348.75,351.32 3 0
zai-proxy/internal/handler/chat.go:351.32,365.20 4 0
zai-proxy/internal/handler/chat.go:365.20,365.60 1 0
zai-proxy/internal/handler/chat.go:366.5,366.20 1 0
zai-proxy/internal/handler/chat.go:370.3,370.74 1 1
zai-proxy/internal/handler/chat.go:370.74,384.19 4 0
zai-proxy/internal/handler/chat.go:384.19,384.59 1 0
zai-proxy/internal/handler/chat.go:385.4,386.31 2 0
zai-proxy/internal/handler/chat.go:389.3,389.82 1 1
zai-proxy/internal/handler/chat.go:389.82,391.4 1 1
zai-proxy/internal/handler/chat.go:391.9,391.70 1 1
zai-proxy/internal/handler/chat.go:391.70,392.51 1 0
zai-proxy/internal/handler/chat.go:392.51,395.67 2 0
zai-proxy/internal/handler/chat.go:395.67,397.47 2 0
zai-proxy/internal/handler/chat.go:397.47,399.7 1 0
zai-proxy/internal/handler/chat.go:399.12,401.7 1 0
zai-proxy/internal/handler/chat.go:402.6,402.53 1 0
zai-proxy/internal/handler/chat.go:405.9,405.113 1 1
zai-proxy/internal/handler/chat.go:405.113,409.56 3 1
zai-proxy/internal/handler/chat.go:409.56,412.5 2 1
zai-proxy/internal/handler/chat.go:412.10,414.5 1 0
zai-proxy/internal/handler/chat.go:417.3,417.29 1 1
zai-proxy/internal/handler/chat.go:417.29,419.4 1 0
zai-proxy/internal/handler/chat.go:420.3,420.29 1 1
zai-proxy/internal/handler/chat.go:420.29,434.19 4 0
zai-proxy/internal/handler/chat.go:434.19,434.59 1 0
zai-proxy/internal/handler/chat.go:435.4,435.19 1 0
zai-proxy/internal/handler/chat.go:438.3,438.20 1 1
zai-proxy/internal/handler/chat.go:438.20,439.12 1 0
zai-proxy/internal/handler/chat.go:442.3,443.20 2 1
zai-proxy/internal/handler/chat.go:443.20,444.12 1 0
zai-proxy/internal/handler/chat.go:447.3,448.82 2 1
zai-proxy/internal/handler/chat.go:448.82,450.4 1 1
zai-proxy/internal/handler/chat.go:453.3,453.21 1 1
zai-proxy/internal/handler/chat.go:453.21,456.8 2 1
zai-proxy/internal/handler/chat.go:456.8,458.22 2 1
zai-proxy/internal/handler/chat.go:458.22,460.11 1 1
zai-proxy/internal/handler/chat.go:463.5,463.20 1 1
zai-proxy/internal/handler/chat.go:463.20,466.27 3 1
zai-proxy/internal/handler/chat.go:466.27,468.7 1 1
zai-proxy/internal/handler/chat.go:471.5,478.23 6 1
zai-proxy/internal/handler/chat.go:478.23,480.6 1 1
zai-proxy/internal/handler/chat.go:481.5,481.28 1 1
zai-proxy/internal/handler/chat.go:481.28,483.48 2 0
zai-proxy/internal/handler/chat.go:483.48,485.7 1 0
zai-proxy/internal/handler/chat.go:487.5,487.26 1 1
zai-proxy/internal/handler/chat.go:487.26,490.48 2 0
zai-proxy/internal/handler/chat.go:490.48,492.7 1 0
zai-proxy/internal/handler/chat.go:495.5,495.23 1 1
zai-proxy/internal/handler/chat.go:495.23,497.11 1 0
zai-proxy/internal/handler/chat.go:501.5,506.27 4 1
zai-proxy/internal/handler/chat.go:506.27,509.35 3 1
zai-proxy/internal/handler/chat.go:509.35,524.22 3 1
zai-proxy/internal/handler/chat.go:524.22,524.62 1 1
zai-proxy/internal/handler/chat.go:525.7,525.22 1 1
zai-proxy/internal/handler/chat.go:529.4,529.12 1 1
zai-proxy/internal/handler/chat.go:532.3,545.18 3 1
zai-proxy/internal/handler/chat.go:545.18,545.58 1 1
zai-proxy/internal/handler/chat.go:546.3,546.18 1 1
zai-proxy/internal/handler/chat.go:549.2,549.38 1 1
zai-proxy/internal/handler/chat.go:549.38,551.3 1 0
zai-proxy/internal/handler/chat.go:554.2,554.28 1 1
zai-proxy/internal/handler/chat.go:554.28,557.25 2 1
zai-proxy/internal/handler/chat.go:557.25,560.33 3 0
zai-proxy/internal/handler/chat.go:560.33,575.20 3 0
zai-proxy/internal/handler/chat.go:575.20,575.60 1 0
zai-proxy/internal/handler/chat.go:576.5,576.20 1 0
zai-proxy/internal/handler/chat.go:579.3,579.25 1 1
zai-proxy/internal/handler/chat.go:579.25,582.4 2 1
zai-proxy/internal/handler/chat.go:583.3,583.24 1 1
zai-proxy/internal/handler/chat.go:586.2,586.59 1 1
zai-proxy/internal/handler/chat.go:586.59,600.18 4 0
zai-proxy/internal/handler/chat.go:600.18,600.58 1 0
zai-proxy/internal/handler/chat.go:601.3,601.18 1 0
zai-proxy/internal/handler/chat.go:604.2,604.17 1 1
zai-proxy/internal/handler/chat.go:604.17,606.3 1 1
zai-proxy/internal/handler/chat.go:608.2,609.49 2 1
zai-proxy/internal/handler/chat.go:609.49,611.3 1 1
zai-proxy/internal/handler/chat.go:612.2,626.17 3 1
zai-proxy/internal/handler/chat.go:626.17,626.57 1 1
zai-proxy/internal/handler/chat.go:627.2,628.17 2 1
zai-proxy/internal/handler/chat.go:631.125,643.21 11 1
zai-proxy/internal/handler/chat.go:643.21,645.41 2 1
zai-proxy/internal/handler/chat.go:645.41,646.12 1 0
zai-proxy/internal/handler/chat.go:649.3,650.26 2 1
zai-proxy/internal/handler/chat.go:650.26,651.9 1 0
zai-proxy/internal/handler/chat.go:654.3,655.72 2 1
zai-proxy/internal/handler/chat.go:655.72,657.12 2 0
zai-proxy/internal/handler/chat.go:660.3,662.40 2 1
zai-proxy/internal/handler/chat.go:662.40,663.9 1 1
zai-proxy/internal/handler/chat.go:666.3,666.84 1 1
zai-proxy/internal/handler/chat.go:666.84,667.80 1 0
zai-proxy/internal/handler/chat.go:667.80,670.46 3 0
zai-proxy/internal/handler/chat.go:670.46,672.6 1 0
zai-proxy/internal/handler/chat.go:674.4,678.30 4 0
zai-proxy/internal/handler/chat.go:678.30,681.5 2 0
zai-proxy/internal/handler/chat.go:682.4,682.12 1 0
zai-proxy/internal/handler/chat.go:685.3,685.36 1 1
zai-proxy/internal/handler/chat.go:685.36,687.4 1 1
zai-proxy/internal/handler/chat.go:689.3,690.69 2 1
zai-proxy/internal/handler/chat.go:690.69,691.75 1 0
zai-proxy/internal/handler/chat.go:691.75,694.5 2 0
zai-proxy/internal/handler/chat.go:695.4,695.12 1 0
zai-proxy/internal/handler/chat.go:697.3,697.75 1 1
zai-proxy/internal/handler/chat.go:697.75,699.29 2 0
zai-proxy/internal/handler/chat.go:699.29,701.5 1 0
zai-proxy/internal/handler/chat.go:702.4,702.80 1 0
zai-proxy/internal/handler/chat.go:702.80,704.5 1 0
zai-proxy/internal/handler/chat.go:705.4,705.12 1 0
zai-proxy/internal/handler/chat.go:707.3,707.66 1 1
zai-proxy/internal/handler/chat.go:707.66,709.29 2 1
zai-proxy/internal/handler/chat.go:709.29,711.5 1 0
zai-proxy/internal/handler/chat.go:712.4,712.12 1 1
zai-proxy/internal/handler/chat.go:714.3,714.89 1 1
zai-proxy/internal/handler/chat.go:714.89,715.12 1 0
zai-proxy/internal/handler/chat.go:718.3,718.66 1 1
zai-proxy/internal/handler/chat.go:718.66,720.4 1 1
zai-proxy/internal/handler/chat.go:721.3,721.109 1 1
zai-proxy/internal/handler/chat.go:721.109,722.83 1 1
zai-proxy/internal/handler/chat.go:722.83,723.30 1 1
zai-proxy/internal/handler/chat.go:723.30,724.31 1 1
zai-proxy/internal/handler/chat.go:724.31,726.7 1 1
zai-proxy/internal/handler/chat.go:727.6,727.28 1 1
zai-proxy/internal/handler/chat.go:729.5,729.35 1 1
zai-proxy/internal/handler/chat.go:731.4,731.12 1 1
zai-proxy/internal/handler/chat.go:734.3,734.35 1 1
zai-proxy/internal/handler/chat.go:734.35,735.19 1 0
zai-proxy/internal/handler/chat.go:735.19,737.5 1 0
zai-proxy/internal/handler/chat.go:737.10,739.5 1 0
zai-proxy/internal/handler/chat.go:740.4,740.31 1 0
zai-proxy/internal/handler/chat.go:742.3,742.39 1 1
zai-proxy/internal/handler/chat.go:742.39,745.4 2 0
zai-proxy/internal/handler/chat.go:747.3,748.82 2 1
zai-proxy/internal/handler/chat.go:748.82,750.4 1 1
zai-proxy/internal/handler/chat.go:750.9,750.70 1 1
zai-proxy/internal/handler/chat.go:750.70,751.51 1 0
zai-proxy/internal/handler/chat.go:751.51,753.31 2 0
zai-proxy/internal/handler/chat.go:753.31,755.6 1 0
zai-proxy/internal/handler/chat.go:757.5,757.67 1 0
zai-proxy/internal/handler/chat.go:757.67,759.47 2 0
zai-proxy/internal/handler/chat.go:759.47,761.7 1 0
zai-proxy/internal/handler/chat.go:761.12,763.7 1 0
zai-proxy/internal/handler/chat.go:766.9,766.113 1 1
zai-proxy/internal/handler/chat.go:766.113,768.4 1 1
zai-proxy/internal/handler/chat.go:770.3,770.20 1 1
zai-proxy/internal/handler/chat.go:770.20,772.4 1 1
zai-proxy/internal/handler/chat.go:775.2,781.52 5 1
zai-proxy/internal/handler/chat.go:781.52,783.31 2 1
zai-proxy/internal/handler/chat.go:783.31,786.4 2 1
zai-proxy/internal/handler/chat.go:789.2,789.55 1 1
zai-proxy/internal/handler/chat.go:789.55,791.3 1 1
zai-proxy/internal/handler/chat.go:793.2,794.33 2 1
zai-proxy/internal/handler/chat.go:794.33,796.3 1 1
zai-proxy/internal/handler/chat.go:797.2,816.37 3 1
zai-proxy/internal/handler/chat.go:820.109,833.17 3 1
zai-proxy/internal/handler/chat.go:833.17,833.57 1 1
zai-proxy/internal/handler/chat.go:834.2,834.17 1 1
zai-proxy/internal/handler/chat.go:837.44,838.22 1 1
zai-proxy/internal/handler/chat.go:838.22,840.3 1 1
zai-proxy/internal/handler/chat.go:841.2,841.27 1 1
zai-proxy/internal/handler/chat.go:845.41,847.16 2 1
zai-proxy/internal/handler/chat.go:847.16,850.3 2 0
zai-proxy/internal/handler/chat.go:851.2,851.13 1 1
zai-proxy/internal/handler/index.go:10.58,12.48 2 0
zai-proxy/internal/handler/index.go:12.48,15.3 2 0
zai-proxy/internal/handler/index.go:16.2,16.63 1 0
zai-proxy/internal/handler/index.go:16.63,19.3 2 0
zai-proxy/internal/handler/index.go:21.2,23.34 3 0
zai-proxy/internal/handler/middleware.go:10.56,11.71 1 1
zai-proxy/internal/handler/middleware.go:11.71,13.56 2 1
zai-proxy/internal/handler/middleware.go:13.56,16.4 2 1
zai-proxy/internal/handler/middleware.go:18.3,19.15 2 1
zai-proxy/internal/handler/middleware.go:19.15,22.4 2 0
zai-proxy/internal/handler/middleware.go:24.3,25.38 2 1
zai-proxy/internal/handler/middleware.go:29.47,30.71 1 1
zai-proxy/internal/handler/middleware.go:30.71,32.21 2 1
zai-proxy/internal/handler/middleware.go:32.21,33.80 1 1
zai-proxy/internal/handler/middleware.go:33.80,35.5 1 1
zai-proxy/internal/handler/middleware.go:38.3,38.23 1 1
zai-proxy/internal/handler/middleware.go:42.78,43.18 1 1
zai-proxy/internal/handler/middleware.go:43.18,45.3 1 0
zai-proxy/internal/handler/middleware.go:47.2,48.19 2 1
zai-proxy/internal/handler/middleware.go:48.19,50.3 1 1
zai-proxy/internal/handler/middleware.go:52.2,53.24 2 1
zai-proxy/internal/handler/middleware.go:53.24,55.3 1 1
zai-proxy/internal/handler/middleware.go:57.2,59.51 3 1
zai-proxy/internal/handler/middleware.go:62.64,65.23 3 1
zai-proxy/internal/handler/middleware.go:65.23,67.3 1 0
zai-proxy/internal/handler/middleware.go:68.2,68.44 1 1
zai-proxy/internal/handler/middleware.go:68.44,69.26 1 1
zai-proxy/internal/handler/middleware.go:69.26,71.4 1 1
zai-proxy/internal/handler/middleware.go:72.3,72.19 1 1
zai-proxy/internal/handler/middleware.go:74.2,74.25 1 0
zai-proxy/internal/handler/middleware.go:74.25,76.3 1 0
zai-proxy/internal/handler/middleware.go:77.2,77.33 1 0
zai-proxy/internal/handler/middleware.go:77.33,78.47 1 0
zai-proxy/internal/handler/middleware.go:78.47,80.4 1 0
zai-proxy/internal/handler/middleware.go:82.2,82.18 1 0
zai-proxy/internal/handler/models.go:10.59,12.37 2 1
zai-proxy/internal/handler/models.go:12.37,18.3 1 1
zai-proxy/internal/handler/models.go:20.2,26.37 3 1
zai-proxy/internal/handler/router.go:5.31,15.2 8 1
zai-proxy/internal/handler/stats.go:43.55,44.71 1 1
zai-proxy/internal/handler/stats.go:44.71,45.29 1 1
zai-proxy/internal/handler/stats.go:45.29,48.4 2 1
zai-proxy/internal/handler/stats.go:50.3,52.23 3 0
zai-proxy/internal/handler/stats.go:56.47,57.36 1 1
zai-proxy/internal/handler/stats.go:57.36,59.3 1 1
zai-proxy/internal/handler/stats.go:61.2,61.20 1 1
zai-proxy/internal/handler/stats.go:62.33,63.15 1 1
zai-proxy/internal/handler/stats.go:64.10,65.14 1 1
zai-proxy/internal/handler/stats.go:69.39,71.2 1 1
zai-proxy/internal/handler/stats.go:73.37,79.70 5 1
zai-proxy/internal/handler/stats.go:79.70,81.3 1 1
zai-proxy/internal/handler/stats.go:82.2,82.26 1 1
zai-proxy/internal/handler/stats.go:85.49,88.16 3 1
zai-proxy/internal/handler/stats.go:88.16,90.3 1 0
zai-proxy/internal/handler/stats.go:92.2,113.3 1 1
zai-proxy/internal/handler/stats.go:116.43,118.47 2 1
zai-proxy/internal/handler/stats.go:118.47,120.3 1 1
zai-proxy/internal/handler/stats.go:121.2,121.33 1 1
zai-proxy/internal/handler/stats.go:124.60,126.27 2 1
zai-proxy/internal/handler/stats.go:126.27,129.3 2 0
zai-proxy/internal/handler/stats.go:130.2,130.63 1 1
zai-proxy/internal/handler/stats.go:130.63,133.3 2 0
zai-proxy/internal/handler/stats.go:135.2,141.4 2 1
zai-proxy/internal/handler/stats.go:144.58,146.27 2 0
zai-proxy/internal/handler/stats.go:146.27,149.3 2 0
zai-proxy/internal/handler/stats.go:150.2,150.63 1 0
zai-proxy/internal/handler/stats.go:150.63,153.3 2 0
zai-proxy/internal/handler/stats.go:155.2,155.60 1 0
zai-proxy/internal/handler/stats.go:158.64,162.2 3 1
