mode: set
zai-proxy/internal/handler/anthropic.go:22.61,25.17 2 1
zai-proxy/internal/handler/anthropic.go:25.17,27.3 1 0
zai-proxy/internal/handler/anthropic.go:28.2,28.17 1 1
zai-proxy/internal/handler/anthropic.go:28.17,31.3 2 0
zai-proxy/internal/handler/anthropic.go:33.2,33.21 1 1
zai-proxy/internal/handler/anthropic.go:33.21,35.17 2 0
zai-proxy/internal/handler/anthropic.go:35.17,39.4 3 0
zai-proxy/internal/handler/anthropic.go:40.3,40.25 1 0
zai-proxy/internal/handler/anthropic.go:43.2,44.61 2 1
zai-proxy/internal/handler/anthropic.go:44.61,47.3 2 0
zai-proxy/internal/handler/anthropic.go:49.2,49.24 1 1
zai-proxy/internal/handler/anthropic.go:49.24,51.3 1 0
zai-proxy/internal/handler/anthropic.go:53.2,54.59 2 1
zai-proxy/internal/handler/anthropic.go:54.59,56.3 1 0
zai-proxy/internal/handler/anthropic.go:58.2,63.17 5 1
zai-proxy/internal/handler/anthropic.go:63.17,65.17 2 1
zai-proxy/internal/handler/anthropic.go:65.17,68.4 2 0
zai-proxy/internal/handler/anthropic.go:69.3,71.9 3 1
zai-proxy/internal/handler/anthropic.go:74.2,74.42 1 1
zai-proxy/internal/handler/anthropic.go:74.42,76.17 2 0
zai-proxy/internal/handler/anthropic.go:76.17,79.4 2 0
zai-proxy/internal/handler/anthropic.go:80.3,81.9 2 0
zai-proxy/internal/handler/anthropic.go:84.2,85.16 2 1
zai-proxy/internal/handler/anthropic.go:85.16,89.3 3 0
zai-proxy/internal/handler/anthropic.go:90.2,92.38 2 1
zai-proxy/internal/handler/anthropic.go:92.38,95.25 3 0
zai-proxy/internal/handler/anthropic.go:95.25,97.4 1 0
zai-proxy/internal/handler/anthropic.go:98.3,100.9 3 0
zai-proxy/internal/handler/anthropic.go:103.2,103.92 1 1
zai-proxy/internal/handler/anthropic.go:106.69,108.32 2 0
zai-proxy/internal/handler/anthropic.go:108.32,112.3 3 0
zai-proxy/internal/handler/anthropic.go:114.2,115.78 2 0
zai-proxy/internal/handler/anthropic.go:119.106,123.23 2 1
zai-proxy/internal/handler/anthropic.go:123.23,125.33 2 0
zai-proxy/internal/handler/anthropic.go:126.15,127.18 1 0
zai-proxy/internal/handler/anthropic.go:128.22,130.27 1 0
zai-proxy/internal/handler/anthropic.go:130.27,131.55 1 0
zai-proxy/internal/handler/anthropic.go:131.55,132.45 1 0
zai-proxy/internal/handler/anthropic.go:132.45,134.7 1 0
zai-proxy/internal/handler/anthropic.go:138.3,138.23 1 0
zai-proxy/internal/handler/anthropic.go:138.23,143.4 1 0
zai-proxy/internal/handler/anthropic.go:147.2,147.35 1 1
zai-proxy/internal/handler/anthropic.go:147.35,148.19 1 1
zai-proxy/internal/handler/anthropic.go:149.15,151.24 2 1
zai-proxy/internal/handler/anthropic.go:151.24,157.5 1 1
zai-proxy/internal/handler/anthropic.go:157.10,159.32 2 1
zai-proxy/internal/handler/anthropic.go:159.32,160.31 1 1
zai-proxy/internal/handler/anthropic.go:160.31,162.7 1 1
zai-proxy/internal/handler/anthropic.go:163.6,167.23 2 1
zai-proxy/internal/handler/anthropic.go:171.5,171.34 1 1
zai-proxy/internal/handler/anthropic.go:171.34,172.24 1 1
zai-proxy/internal/handler/anthropic.go:173.18,177.9 1 1
zai-proxy/internal/handler/anthropic.go:178.19,179.74 1 1
zai-proxy/internal/handler/anthropic.go:179.74,184.8 1 1
zai-proxy/internal/handler/anthropic.go:185.25,191.9 2 1
zai-proxy/internal/handler/anthropic.go:195.5,195.23 1 1
zai-proxy/internal/handler/anthropic.go:198.20,200.24 2 0
zai-proxy/internal/handler/anthropic.go:200.24,207.5 2 0
zai-proxy/internal/handler/anthropic.go:207.10,211.34 3 0
zai-proxy/internal/handler/anthropic.go:211.34,212.24 1 0
zai-proxy/internal/handler/anthropic.go:213.18,214.32 1 0
zai-proxy/internal/handler/anthropic.go:215.22,215.22 0 0
zai-proxy/internal/handler/anthropic.go:217.22,219.29 2 0
zai-proxy/internal/handler/anthropic.go:219.29,221.8 1 0
zai-proxy/internal/handler/anthropic.go:222.7,229.9 1 0
zai-proxy/internal/handler/anthropic.go:232.5,236.7 1 0
zai-proxy/internal/handler/anthropic.go:242.2,243.30 2 1
zai-proxy/internal/handler/anthropic.go:243.30,255.3 4 1
zai-proxy/internal/handler/anthropic.go:258.2,259.27 2 1
zai-proxy/internal/handler/anthropic.go:259.27,260.38 1 0
zai-proxy/internal/handler/anthropic.go:261.31,263.18 2 0
zai-proxy/internal/handler/anthropic.go:264.16,265.24 1 0
zai-proxy/internal/handler/anthropic.go:266.15,267.28 1 0
zai-proxy/internal/handler/anthropic.go:268.16,269.24 1 0
zai-proxy/internal/handler/anthropic.go:270.16,271.44 1 0
zai-proxy/internal/handler/anthropic.go:271.44,276.6 1 0
zai-proxy/internal/handler/anthropic.go:281.2,281.36 1 1
zai-proxy/internal/handler/anthropic.go:284.77,285.25 1 1
zai-proxy/internal/handler/anthropic.go:285.25,287.3 1 0
zai-proxy/internal/handler/anthropic.go:288.2,288.94 1 1
zai-proxy/internal/handler/anthropic.go:288.94,290.3 1 0
zai-proxy/internal/handler/anthropic.go:291.2,291.84 1 1
zai-proxy/internal/handler/anthropic.go:294.68,295.29 1 1
zai-proxy/internal/handler/anthropic.go:296.14,297.11 1 0
zai-proxy/internal/handler/anthropic.go:298.21,300.26 2 1
zai-proxy/internal/handler/anthropic.go:300.26,301.53 1 1
zai-proxy/internal/handler/anthropic.go:301.53,302.43 1 1
zai-proxy/internal/handler/anthropic.go:302.43,304.6 1 1
zai-proxy/internal/handler/anthropic.go:307.3,307.23 1 1
zai-proxy/internal/handler/anthropic.go:307.23,309.4 1 1
zai-proxy/internal/handler/anthropic.go:310.3,311.17 2 0
zai-proxy/internal/handler/anthropic.go:311.17,313.4 1 0
zai-proxy/internal/handler/anthropic.go:314.3,314.12 1 0
zai-proxy/internal/handler/anthropic.go:315.30,317.17 2 1
zai-proxy/internal/handler/anthropic.go:317.17,319.4 1 1
zai-proxy/internal/handler/anthropic.go:320.3,320.12 1 0
zai-proxy/internal/handler/anthropic.go:321.10,323.17 2 0
zai-proxy/internal/handler/anthropic.go:323.17,325.4 1 0
zai-proxy/internal/handler/anthropic.go:326.3,326.12 1 0
zai-proxy/internal/handler/anthropic.go:330.54,331.18 1 1
zai-proxy/internal/handler/anthropic.go:331.18,333.3 1 1
zai-proxy/internal/handler/anthropic.go:334.2,334.9 1 0
zai-proxy/internal/handler/anthropic.go:335.42,336.16 1 0
zai-proxy/internal/handler/anthropic.go:337.49,338.39 1 0
zai-proxy/internal/handler/anthropic.go:339.10,340.12 1 0
zai-proxy/internal/handler/anthropic.go:344.61,345.25 1 1
zai-proxy/internal/handler/anthropic.go:345.25,347.3 1 0
zai-proxy/internal/handler/anthropic.go:348.2,348.9 1 1
zai-proxy/internal/handler/anthropic.go:349.42,350.140 1 1
zai-proxy/internal/handler/anthropic.go:351.49,352.144 1 1
zai-proxy/internal/handler/anthropic.go:353.10,354.12 1 1
zai-proxy/internal/handler/anthropic.go:358.66,359.26 1 1
zai-proxy/internal/handler/anthropic.go:359.26,361.3 1 1
zai-proxy/internal/handler/anthropic.go:363.2,363.9 1 1
zai-proxy/internal/handler/anthropic.go:364.42,377.4 1 1
zai-proxy/internal/handler/anthropic.go:378.49,418.4 1 1
zai-proxy/internal/handler/anthropic.go:419.10,420.13 1 0
zai-proxy/internal/handler/anthropic.go:425.134,431.9 5 1
zai-proxy/internal/handler/anthropic.go:431.9,434.3 2 0
zai-proxy/internal/handler/anthropic.go:437.2,467.21 16 1
zai-proxy/internal/handler/anthropic.go:467.21,471.41 3 1
zai-proxy/internal/handler/anthropic.go:471.41,472.12 1 0
zai-proxy/internal/handler/anthropic.go:475.3,476.26 2 1
zai-proxy/internal/handler/anthropic.go:476.26,477.9 1 0
zai-proxy/internal/handler/anthropic.go:480.3,481.72 2 1
zai-proxy/internal/handler/anthropic.go:481.72,482.12 1 0
zai-proxy/internal/handler/anthropic.go:485.3,485.40 1 1
zai-proxy/internal/handler/anthropic.go:485.40,486.9 1 1
zai-proxy/internal/handler/anthropic.go:490.3,490.84 1 1
zai-proxy/internal/handler/anthropic.go:490.84,492.80 2 0
zai-proxy/internal/handler/anthropic.go:492.80,496.5 3 0
zai-proxy/internal/handler/anthropic.go:497.4,501.93 3 0
zai-proxy/internal/handler/anthropic.go:501.93,503.5 1 0
zai-proxy/internal/handler/anthropic.go:505.4,505.30 1 0
zai-proxy/internal/handler/anthropic.go:505.30,509.31 3 0
zai-proxy/internal/handler/anthropic.go:509.31,511.21 1 0
zai-proxy/internal/handler/anthropic.go:511.21,517.7 3 0
zai-proxy/internal/handler/anthropic.go:520.6,520.26 1 0
zai-proxy/internal/handler/anthropic.go:520.26,527.7 2 0
zai-proxy/internal/handler/anthropic.go:529.6,534.8 2 0
zai-proxy/internal/handler/anthropic.go:537.4,537.12 1 0
zai-proxy/internal/handler/anthropic.go:540.3,540.36 1 1
zai-proxy/internal/handler/anthropic.go:540.36,542.4 1 1
zai-proxy/internal/handler/anthropic.go:545.3,546.69 2 1
zai-proxy/internal/handler/anthropic.go:546.69,547.75 1 0
zai-proxy/internal/handler/anthropic.go:547.75,549.5 1 0
zai-proxy/internal/handler/anthropic.go:550.4,550.12 1 0
zai-proxy/internal/handler/anthropic.go:552.3,552.75 1 1
zai-proxy/internal/handler/anthropic.go:552.75,554.29 2 0
zai-proxy/internal/handler/anthropic.go:554.29,556.5 1 0
zai-proxy/internal/handler/anthropic.go:557.4,557.12 1 0
zai-proxy/internal/handler/anthropic.go:559.3,559.66 1 1
zai-proxy/internal/handler/anthropic.go:559.66,561.29 2 0
zai-proxy/internal/handler/anthropic.go:561.29,563.5 1 0
zai-proxy/internal/handler/anthropic.go:564.4,564.12 1 0
zai-proxy/internal/handler/anthropic.go:566.3,566.89 1 1
zai-proxy/internal/handler/anthropic.go:566.89,567.12 1 0
zai-proxy/internal/handler/anthropic.go:571.3,571.109 1 1
zai-proxy/internal/handler/anthropic.go:571.109,572.83 1 1
zai-proxy/internal/handler/anthropic.go:572.83,573.30 1 1
zai-proxy/internal/handler/anthropic.go:573.30,574.31 1 1
zai-proxy/internal/handler/anthropic.go:574.31,576.7 1 1
zai-proxy/internal/handler/anthropic.go:578.5,582.24 3 1
zai-proxy/internal/handler/anthropic.go:582.24,588.6 3 0
zai-proxy/internal/handler/anthropic.go:589.5,589.20 1 1
zai-proxy/internal/handler/anthropic.go:589.20,595.6 3 0
zai-proxy/internal/handler/anthropic.go:597.5,597.34 1 1
zai-proxy/internal/handler/anthropic.go:597.34,599.6 1 1
zai-proxy/internal/handler/anthropic.go:601.4,601.12 1 1
zai-proxy/internal/handler/anthropic.go:605.3,605.75 1 1
zai-proxy/internal/handler/anthropic.go:605.75,608.32 3 0
zai-proxy/internal/handler/anthropic.go:608.32,609.25 1 0
zai-proxy/internal/handler/anthropic.go:609.25,611.21 1 0
zai-proxy/internal/handler/anthropic.go:611.21,617.7 3 0
zai-proxy/internal/handler/anthropic.go:618.6,623.28 2 0
zai-proxy/internal/handler/anthropic.go:625.5,630.7 2 0
zai-proxy/internal/handler/anthropic.go:635.3,636.82 2 1
zai-proxy/internal/handler/anthropic.go:636.82,638.4 1 1
zai-proxy/internal/handler/anthropic.go:638.9,638.70 1 0
zai-proxy/internal/handler/anthropic.go:638.70,639.51 1 0
zai-proxy/internal/handler/anthropic.go:639.51,640.67 1 0
zai-proxy/internal/handler/anthropic.go:640.67,642.47 2 0
zai-proxy/internal/handler/anthropic.go:642.47,644.7 1 0
zai-proxy/internal/handler/anthropic.go:644.12,646.7 1 0
zai-proxy/internal/handler/anthropic.go:647.6,647.53 1 0
zai-proxy/internal/handler/anthropic.go:650.9,650.113 1 0
zai-proxy/internal/handler/anthropic.go:650.113,652.56 2 0
zai-proxy/internal/handler/anthropic.go:652.56,655.5 2 0
zai-proxy/internal/handler/anthropic.go:655.10,657.5 1 0
zai-proxy/internal/handler/anthropic.go:660.3,660.20 1 1
zai-proxy/internal/handler/anthropic.go:660.20,661.12 1 0
zai-proxy/internal/handler/anthropic.go:664.3,665.20 2 1
zai-proxy/internal/handler/anthropic.go:665.20,666.12 1 0
zai-proxy/internal/handler/anthropic.go:669.3,670.82 2 1
zai-proxy/internal/handler/anthropic.go:670.82,672.4 1 1
zai-proxy/internal/handler/anthropic.go:675.3,675.21 1 1
zai-proxy/internal/handler/anthropic.go:675.21,677.8 2 0
zai-proxy/internal/handler/anthropic.go:677.8,679.22 2 0
zai-proxy/internal/handler/anthropic.go:679.22,680.11 1 0
zai-proxy/internal/handler/anthropic.go:682.5,682.20 1 0
zai-proxy/internal/handler/anthropic.go:682.20,685.27 3 0
zai-proxy/internal/handler/anthropic.go:685.27,687.7 1 0
zai-proxy/internal/handler/anthropic.go:689.5,695.23 6 0
zai-proxy/internal/handler/anthropic.go:695.23,697.6 1 0
zai-proxy/internal/handler/anthropic.go:698.5,698.28 1 0
zai-proxy/internal/handler/anthropic.go:698.28,700.48 2 0
zai-proxy/internal/handler/anthropic.go:700.48,702.7 1 0
zai-proxy/internal/handler/anthropic.go:704.5,704.26 1 0
zai-proxy/internal/handler/anthropic.go:704.26,706.48 2 0
zai-proxy/internal/handler/anthropic.go:706.48,708.7 1 0
zai-proxy/internal/handler/anthropic.go:710.5,710.23 1 0
zai-proxy/internal/handler/anthropic.go:710.23,711.11 1 0
zai-proxy/internal/handler/anthropic.go:714.5,718.29 4 0
zai-proxy/internal/handler/anthropic.go:718.29,723.25 3 0
zai-proxy/internal/handler/anthropic.go:723.25,729.7 3 0
zai-proxy/internal/handler/anthropic.go:730.6,730.21 1 0
zai-proxy/internal/handler/anthropic.go:730.21,736.7 3 0
zai-proxy/internal/handler/anthropic.go:738.6,738.37 1 0
zai-proxy/internal/handler/anthropic.go:738.37,741.7 2 0
zai-proxy/internal/handler/anthropic.go:744.4,744.12 1 0
zai-proxy/internal/handler/anthropic.go:747.3,747.128 1 1
zai-proxy/internal/handler/anthropic.go:750.2,750.38 1 1
zai-proxy/internal/handler/anthropic.go:750.38,752.3 1 0
zai-proxy/internal/handler/anthropic.go:755.2,755.28 1 1
zai-proxy/internal/handler/anthropic.go:755.28,757.27 2 0
zai-proxy/internal/handler/anthropic.go:757.27,761.23 3 0
zai-proxy/internal/handler/anthropic.go:761.23,767.5 3 0
zai-proxy/internal/handler/anthropic.go:768.4,768.19 1 0
zai-proxy/internal/handler/anthropic.go:768.19,774.5 3 0
zai-proxy/internal/handler/anthropic.go:776.4,776.35 1 0
zai-proxy/internal/handler/anthropic.go:776.35,779.5 2 0
zai-proxy/internal/handler/anthropic.go:781.3,781.25 1 0
zai-proxy/internal/handler/anthropic.go:781.25,783.4 1 0
zai-proxy/internal/handler/anthropic.go:784.3,784.24 1 0
zai-proxy/internal/handler/anthropic.go:788.2,788.59 1 1
zai-proxy/internal/handler/anthropic.go:788.59,790.3 1 0
zai-proxy/internal/handler/anthropic.go:792.2,792.34 1 1
zai-proxy/internal/handler/anthropic.go:792.34,794.3 1 0
zai-proxy/internal/handler/anthropic.go:797.2,797.21 1 1
zai-proxy/internal/handler/anthropic.go:797.21,803.3 3 0
zai-proxy/internal/handler/anthropic.go:804.2,804.17 1 1
zai-proxy/internal/handler/anthropic.go:804.17,810.3 3 1
zai-proxy/internal/handler/anthropic.go:811.2,811.20 1 1
zai-proxy/internal/handler/anthropic.go:811.20,817.3 3 1
zai-proxy/internal/handler/anthropic.go:820.2,821.18 2 1
zai-proxy/internal/handler/anthropic.go:821.18,823.3 1 1
zai-proxy/internal/handler/anthropic.go:826.2,844.23 6 1
zai-proxy/internal/handler/anthropic.go:848.137,859.21 9 0
zai-proxy/internal/handler/anthropic.go:859.21,861.41 2 0
zai-proxy/internal/handler/anthropic.go:861.41,862.12 1 0
zai-proxy/internal/handler/anthropic.go:865.3,866.26 2 0
zai-proxy/internal/handler/anthropic.go:866.26,867.9 1 0
zai-proxy/internal/handler/anthropic.go:870.3,871.72 2 0
zai-proxy/internal/handler/anthropic.go:871.72,872.12 1 0
zai-proxy/internal/handler/anthropic.go:875.3,875.40 1 0
zai-proxy/internal/handler/anthropic.go:875.40,876.9 1 0
zai-proxy/internal/handler/anthropic.go:879.3,879.84 1 0
zai-proxy/internal/handler/anthropic.go:879.84,880.80 1 0
zai-proxy/internal/handler/anthropic.go:880.80,883.46 3 0
zai-proxy/internal/handler/anthropic.go:883.46,885.6 1 0
zai-proxy/internal/handler/anthropic.go:887.4,890.30 4 0
zai-proxy/internal/handler/anthropic.go:890.30,893.5 2 0
zai-proxy/internal/handler/anthropic.go:894.4,894.12 1 0
zai-proxy/internal/handler/anthropic.go:897.3,897.36 1 0
zai-proxy/internal/handler/anthropic.go:897.36,899.4 1 0
zai-proxy/internal/handler/anthropic.go:901.3,902.69 2 0
zai-proxy/internal/handler/anthropic.go:902.69,903.75 1 0
zai-proxy/internal/handler/anthropic.go:903.75,905.5 1 0
zai-proxy/internal/handler/anthropic.go:906.4,906.12 1 0
zai-proxy/internal/handler/anthropic.go:908.3,908.75 1 0
zai-proxy/internal/handler/anthropic.go:908.75,910.29 2 0
zai-proxy/internal/handler/anthropic.go:910.29,912.5 1 0
zai-proxy/internal/handler/anthropic.go:913.4,913.12 1 0
zai-proxy/internal/handler/anthropic.go:915.3,915.66 1 0
zai-proxy/internal/handler/anthropic.go:915.66,917.29 2 0
zai-proxy/internal/handler/anthropic.go:917.29,919.5 1 0
zai-proxy/internal/handler/anthropic.go:920.4,920.12 1 0
zai-proxy/internal/handler/anthropic.go:922.3,922.89 1 0
zai-proxy/internal/handler/anthropic.go:922.89,923.12 1 0
zai-proxy/internal/handler/anthropic.go:925.3,925.109 1 0
zai-proxy/internal/handler/anthropic.go:925.109,926.83 1 0
zai-proxy/internal/handler/anthropic.go:926.83,927.30 1 0
zai-proxy/internal/handler/anthropic.go:927.30,928.31 1 0
zai-proxy/internal/handler/anthropic.go:928.31,930.7 1 0
zai-proxy/internal/handler/anthropic.go:932.5,932.35 1 0
zai-proxy/internal/handler/anthropic.go:934.4,934.12 1 0
zai-proxy/internal/handler/anthropic.go:937.3,938.82 2 0
zai-proxy/internal/handler/anthropic.go:938.82,940.4 1 0
zai-proxy/internal/handler/anthropic.go:940.9,940.70 1 0
zai-proxy/internal/handler/anthropic.go:940.70,941.51 1 0
zai-proxy/internal/handler/anthropic.go:941.51,943.31 2 0
zai-proxy/internal/handler/anthropic.go:943.31,945.6 1 0
zai-proxy/internal/handler/anthropic.go:946.5,946.67 1 0
zai-proxy/internal/handler/anthropic.go:946.67,948.47 2 0
zai-proxy/internal/handler/anthropic.go:948.47,950.7 1 0
zai-proxy/internal/handler/anthropic.go:950.12,952.7 1 0
zai-proxy/internal/handler/anthropic.go:955.9,955.113 1 0
zai-proxy/internal/handler/anthropic.go:955.113,957.4 1 0
zai-proxy/internal/handler/anthropic.go:959.3,959.20 1 0
zai-proxy/internal/handler/anthropic.go:959.20,961.4 1 0
zai-proxy/internal/handler/anthropic.go:964.2,970.52 5 0
zai-proxy/internal/handler/anthropic.go:970.52,972.31 2 0
zai-proxy/internal/handler/anthropic.go:972.31,975.4 2 0
zai-proxy/internal/handler/anthropic.go:979.2,981.40 2 0
zai-proxy/internal/handler/anthropic.go:981.40,986.3 1 0
zai-proxy/internal/handler/anthropic.go:988.2,988.23 1 0
zai-proxy/internal/handler/anthropic.go:988.23,993.3 1 0
zai-proxy/internal/handler/anthropic.go:995.2,995.40 1 0
zai-proxy/internal/handler/anthropic.go:995.40,996.18 1 0
zai-proxy/internal/handler/anthropic.go:996.18,998.4 1 0
zai-proxy/internal/handler/anthropic.go:999.3,1004.5 1 0
zai-proxy/internal/handler/anthropic.go:1007.2,1007.29 1 0
zai-proxy/internal/handler/anthropic.go:1007.29,1012.3 1 0
zai-proxy/internal/handler/anthropic.go:1014.2,1015.33 2 0
zai-proxy/internal/handler/anthropic.go:1015.33,1017.3 1 0
zai-proxy/internal/handler/anthropic.go:1019.2,1030.37 3 0
zai-proxy/internal/handler/anthropic.go:1034.181,1035.16 1 1
zai-proxy/internal/handler/anthropic.go:1035.16,1037.3 1 0
zai-proxy/internal/handler/anthropic.go:1040.2,1040.22 1 1
zai-proxy/internal/handler/anthropic.go:1040.22,1046.3 3 0
zai-proxy/internal/handler/anthropic.go:1049.2,1049.21 1 1
zai-proxy/internal/handler/anthropic.go:1049.21,1055.3 3 0
zai-proxy/internal/handler/anthropic.go:1058.2,1058.19 1 1
zai-proxy/internal/handler/anthropic.go:1058.19,1065.3 2 1
zai-proxy/internal/handler/anthropic.go:1067.2,1072.4 2 1
zai-proxy/internal/handler/anthropic.go:1076.137,1078.21 1 1
zai-proxy/internal/handler/anthropic.go:1078.21,1083.3 2 0
zai-proxy/internal/handler/anthropic.go:1085.2,1086.18 2 1
zai-proxy/internal/handler/anthropic.go:1086.18,1088.3 1 0
zai-proxy/internal/handler/anthropic.go:1091.2,1108.4 3 1
zai-proxy/internal/handler/anthropic.go:1112.104,1114.16 2 1
zai-proxy/internal/handler/anthropic.go:1114.16,1117.3 2 0
zai-proxy/internal/handler/anthropic.go:1118.2,1119.17 2 1
zai-proxy/internal/handler/anthropic.go:1123.92,1133.2 3 0
zai-proxy/internal/handler/assistant_turn.go:32.46,34.2 1 0
zai-proxy/internal/handler/assistant_turn.go:40.107,52.21 11 1
zai-proxy/internal/handler/assistant_turn.go:52.21,54.41 2 1
zai-proxy/internal/handler/assistant_turn.go:54.41,55.12 1 0
zai-proxy/internal/handler/assistant_turn.go:58.3,59.26 2 1
zai-proxy/internal/handler/assistant_turn.go:59.26,60.9 1 0
zai-proxy/internal/handler/assistant_turn.go:63.3,64.72 2 1
zai-proxy/internal/handler/assistant_turn.go:64.72,66.12 2 0
zai-proxy/internal/handler/assistant_turn.go:69.3,69.40 1 1
zai-proxy/internal/handler/assistant_turn.go:69.40,70.9 1 1
zai-proxy/internal/handler/assistant_turn.go:73.3,73.84 1 1
zai-proxy/internal/handler/assistant_turn.go:73.84,74.80 1 0
zai-proxy/internal/handler/assistant_turn.go:74.80,77.46 3 0
zai-proxy/internal/handler/assistant_turn.go:77.46,79.6 1 0
zai-proxy/internal/handler/assistant_turn.go:81.4,85.30 4 0
zai-proxy/internal/handler/assistant_turn.go:85.30,88.5 2 0
zai-proxy/internal/handler/assistant_turn.go:89.4,89.12 1 0
zai-proxy/internal/handler/assistant_turn.go:92.3,92.36 1 1
zai-proxy/internal/handler/assistant_turn.go:92.36,94.4 1 1
zai-proxy/internal/handler/assistant_turn.go:96.3,97.69 2 1
zai-proxy/internal/handler/assistant_turn.go:97.69,98.75 1 0
zai-proxy/internal/handler/assistant_turn.go:98.75,101.5 2 0
zai-proxy/internal/handler/assistant_turn.go:102.4,102.12 1 0
zai-proxy/internal/handler/assistant_turn.go:104.3,104.75 1 1
zai-proxy/internal/handler/assistant_turn.go:104.75,106.29 2 0
zai-proxy/internal/handler/assistant_turn.go:106.29,108.5 1 0
zai-proxy/internal/handler/assistant_turn.go:109.4,109.80 1 0
zai-proxy/internal/handler/assistant_turn.go:109.80,111.5 1 0
zai-proxy/internal/handler/assistant_turn.go:112.4,112.12 1 0
zai-proxy/internal/handler/assistant_turn.go:114.3,114.66 1 1
zai-proxy/internal/handler/assistant_turn.go:114.66,116.29 2 0
zai-proxy/internal/handler/assistant_turn.go:116.29,118.5 1 0
zai-proxy/internal/handler/assistant_turn.go:119.4,119.12 1 0
zai-proxy/internal/handler/assistant_turn.go:121.3,121.89 1 1
zai-proxy/internal/handler/assistant_turn.go:121.89,122.12 1 0
zai-proxy/internal/handler/assistant_turn.go:124.3,124.109 1 1
zai-proxy/internal/handler/assistant_turn.go:124.109,125.83 1 1
zai-proxy/internal/handler/assistant_turn.go:125.83,128.5 2 1
zai-proxy/internal/handler/assistant_turn.go:129.4,129.12 1 1
zai-proxy/internal/handler/assistant_turn.go:132.3,132.35 1 1
zai-proxy/internal/handler/assistant_turn.go:132.35,133.19 1 0
zai-proxy/internal/handler/assistant_turn.go:133.19,135.5 1 0
zai-proxy/internal/handler/assistant_turn.go:135.10,137.5 1 0
zai-proxy/internal/handler/assistant_turn.go:138.4,138.31 1 0
zai-proxy/internal/handler/assistant_turn.go:140.3,140.39 1 1
zai-proxy/internal/handler/assistant_turn.go:140.39,143.4 2 0
zai-proxy/internal/handler/assistant_turn.go:145.3,146.82 2 1
zai-proxy/internal/handler/assistant_turn.go:146.82,148.4 1 1
zai-proxy/internal/handler/assistant_turn.go:148.9,148.70 1 0
zai-proxy/internal/handler/assistant_turn.go:148.70,149.51 1 0
zai-proxy/internal/handler/assistant_turn.go:149.51,151.31 2 0
zai-proxy/internal/handler/assistant_turn.go:151.31,153.6 1 0
zai-proxy/internal/handler/assistant_turn.go:154.5,154.67 1 0
zai-proxy/internal/handler/assistant_turn.go:154.67,156.47 2 0
zai-proxy/internal/handler/assistant_turn.go:156.47,158.7 1 0
zai-proxy/internal/handler/assistant_turn.go:158.12,160.7 1 0
zai-proxy/internal/handler/assistant_turn.go:163.9,163.113 1 0
zai-proxy/internal/handler/assistant_turn.go:163.113,165.4 1 0
zai-proxy/internal/handler/assistant_turn.go:167.3,167.20 1 1
zai-proxy/internal/handler/assistant_turn.go:167.20,169.4 1 1
zai-proxy/internal/handler/assistant_turn.go:172.2,177.52 5 1
zai-proxy/internal/handler/assistant_turn.go:177.52,179.31 2 1
zai-proxy/internal/handler/assistant_turn.go:179.31,183.4 3 0
zai-proxy/internal/handler/assistant_turn.go:186.2,186.38 1 1
zai-proxy/internal/handler/assistant_turn.go:186.38,188.3 1 0
zai-proxy/internal/handler/assistant_turn.go:190.2,194.8 1 1
zai-proxy/internal/handler/assistant_turn.go:197.74,198.27 1 1
zai-proxy/internal/handler/assistant_turn.go:198.27,199.28 1 1
zai-proxy/internal/handler/assistant_turn.go:199.28,201.4 1 1
zai-proxy/internal/handler/assistant_turn.go:202.3,203.30 2 1
zai-proxy/internal/handler/assistant_turn.go:203.30,205.4 1 0
zai-proxy/internal/handler/assistant_turn.go:209.222,213.66 3 1
zai-proxy/internal/handler/assistant_turn.go:213.66,215.17 2 1
zai-proxy/internal/handler/assistant_turn.go:215.17,217.4 1 0
zai-proxy/internal/handler/assistant_turn.go:218.3,220.39 2 1
zai-proxy/internal/handler/assistant_turn.go:220.39,224.26 4 0
zai-proxy/internal/handler/assistant_turn.go:224.26,226.5 1 0
zai-proxy/internal/handler/assistant_turn.go:227.4,227.103 1 0
zai-proxy/internal/handler/assistant_turn.go:230.3,232.17 3 1
zai-proxy/internal/handler/assistant_turn.go:232.17,234.4 1 0
zai-proxy/internal/handler/assistant_turn.go:236.3,236.61 1 1
zai-proxy/internal/handler/assistant_turn.go:236.61,238.4 1 1
zai-proxy/internal/handler/assistant_turn.go:240.3,240.68 1 1
zai-proxy/internal/handler/assistant_turn.go:240.68,242.4 1 1
zai-proxy/internal/handler/assistant_turn.go:244.3,244.45 1 1
zai-proxy/internal/handler/assistant_turn.go:244.45,246.4 1 0
zai-proxy/internal/handler/assistant_turn.go:248.3,253.37 2 1
zai-proxy/internal/handler/assistant_turn.go:253.37,259.4 1 1
zai-proxy/internal/handler/assistant_turn.go:262.2,262.124 1 0
zai-proxy/internal/handler/assistant_turn.go:265.104,266.25 1 1
zai-proxy/internal/handler/assistant_turn.go:266.25,268.3 1 0
zai-proxy/internal/handler/assistant_turn.go:269.2,269.31 1 1
zai-proxy/internal/handler/assistant_turn.go:269.31,270.55 1 1
zai-proxy/internal/handler/assistant_turn.go:270.55,272.4 1 1
zai-proxy/internal/handler/assistant_turn.go:274.2,274.13 1 1
zai-proxy/internal/handler/assistant_turn.go:277.106,279.29 2 1
zai-proxy/internal/handler/assistant_turn.go:279.29,281.3 1 0
zai-proxy/internal/handler/assistant_turn.go:283.2,301.37 3 1
zai-proxy/internal/handler/assistant_turn.go:304.103,310.9 5 0
zai-proxy/internal/handler/assistant_turn.go:310.9,313.3 2 0
zai-proxy/internal/handler/assistant_turn.go:315.2,315.33 1 0
zai-proxy/internal/handler/assistant_turn.go:315.33,330.3 4 0
zai-proxy/internal/handler/assistant_turn.go:332.2,332.24 1 0
zai-proxy/internal/handler/assistant_turn.go:332.24,334.3 1 0
zai-proxy/internal/handler/assistant_turn.go:336.2,336.36 1 0
zai-proxy/internal/handler/assistant_turn.go:336.36,353.3 4 0
zai-proxy/internal/handler/assistant_turn.go:355.2,356.29 2 0
zai-proxy/internal/handler/assistant_turn.go:356.29,358.3 1 0
zai-proxy/internal/handler/assistant_turn.go:359.2,374.17 5 0
zai-proxy/internal/handler/assistant_turn.go:377.109,380.33 2 1
zai-proxy/internal/handler/assistant_turn.go:380.33,385.3 1 0
zai-proxy/internal/handler/assistant_turn.go:387.2,387.24 1 1
zai-proxy/internal/handler/assistant_turn.go:387.24,392.3 1 1
zai-proxy/internal/handler/assistant_turn.go:394.2,394.36 1 1
zai-proxy/internal/handler/assistant_turn.go:394.36,401.3 1 1
zai-proxy/internal/handler/assistant_turn.go:403.2,403.29 1 1
zai-proxy/internal/handler/assistant_turn.go:403.29,408.3 1 0
zai-proxy/internal/handler/assistant_turn.go:410.2,411.29 2 1
zai-proxy/internal/handler/assistant_turn.go:411.29,413.3 1 1
zai-proxy/internal/handler/assistant_turn.go:415.2,426.37 3 1
zai-proxy/internal/handler/assistant_turn.go:429.106,435.9 5 0
zai-proxy/internal/handler/assistant_turn.go:435.9,438.3 2 0
zai-proxy/internal/handler/assistant_turn.go:440.2,454.33 3 0
zai-proxy/internal/handler/assistant_turn.go:454.33,470.3 4 0
zai-proxy/internal/handler/assistant_turn.go:472.2,472.85 1 0
zai-proxy/internal/handler/assistant_turn.go:472.85,478.25 2 0
zai-proxy/internal/handler/assistant_turn.go:478.25,484.4 1 0
zai-proxy/internal/handler/assistant_turn.go:485.3,489.22 2 0
zai-proxy/internal/handler/assistant_turn.go:492.2,492.36 1 0
zai-proxy/internal/handler/assistant_turn.go:492.36,494.19 2 0
zai-proxy/internal/handler/assistant_turn.go:494.19,496.4 1 0
zai-proxy/internal/handler/assistant_turn.go:497.3,516.22 4 0
zai-proxy/internal/handler/assistant_turn.go:519.2,520.29 2 0
zai-proxy/internal/handler/assistant_turn.go:520.29,522.3 1 0
zai-proxy/internal/handler/assistant_turn.go:524.2,534.96 2 0
zai-proxy/internal/handler/assistant_turn.go:537.57,538.40 1 1
zai-proxy/internal/handler/assistant_turn.go:538.40,540.3 1 0
zai-proxy/internal/handler/assistant_turn.go:541.2,541.35 1 1
zai-proxy/internal/handler/chat.go:22.68,24.17 2 1
zai-proxy/internal/handler/chat.go:24.17,26.3 1 0
zai-proxy/internal/handler/chat.go:27.2,27.17 1 1
zai-proxy/internal/handler/chat.go:27.17,30.3 2 0
zai-proxy/internal/handler/chat.go:32.2,32.21 1 1
zai-proxy/internal/handler/chat.go:32.21,34.17 2 0
zai-proxy/internal/handler/chat.go:34.17,38.4 3 0
zai-proxy/internal/handler/chat.go:39.3,39.25 1 0
zai-proxy/internal/handler/chat.go:42.2,43.61 2 1
zai-proxy/internal/handler/chat.go:43.61,46.3 2 0
zai-proxy/internal/handler/chat.go:48.2,48.21 1 1
zai-proxy/internal/handler/chat.go:48.21,50.3 1 0
zai-proxy/internal/handler/chat.go:52.2,55.17 3 1
zai-proxy/internal/handler/chat.go:55.17,57.17 2 1
zai-proxy/internal/handler/chat.go:57.17,60.4 2 0
zai-proxy/internal/handler/chat.go:61.3,62.9 2 1
zai-proxy/internal/handler/chat.go:65.2,65.42 1 0
zai-proxy/internal/handler/chat.go:65.42,67.17 2 0
zai-proxy/internal/handler/chat.go:67.17,70.4 2 0
zai-proxy/internal/handler/chat.go:71.3,72.9 2 0
zai-proxy/internal/handler/chat.go:75.2,76.16 2 0
zai-proxy/internal/handler/chat.go:76.16,80.3 3 0
zai-proxy/internal/handler/chat.go:81.2,83.38 2 0
zai-proxy/internal/handler/chat.go:83.38,86.25 3 0
zai-proxy/internal/handler/chat.go:86.25,88.4 1 0
zai-proxy/internal/handler/chat.go:89.3,91.9 3 0
zai-proxy/internal/handler/chat.go:94.2,94.83 1 0
zai-proxy/internal/handler/chat.go:97.64,99.32 2 0
zai-proxy/internal/handler/chat.go:99.32,103.3 3 0
zai-proxy/internal/handler/chat.go:105.2,106.56 2 0
zai-proxy/internal/handler/chat.go:109.122,115.9 5 1
zai-proxy/internal/handler/chat.go:115.9,118.3 2 0
zai-proxy/internal/handler/chat.go:120.2,132.21 12 1
zai-proxy/internal/handler/chat.go:132.21,136.41 3 1
zai-proxy/internal/handler/chat.go:136.41,138.12 2 0
zai-proxy/internal/handler/chat.go:141.3,142.26 2 1
zai-proxy/internal/handler/chat.go:142.26,143.9 1 1
zai-proxy/internal/handler/chat.go:146.3,147.72 2 1
zai-proxy/internal/handler/chat.go:147.72,149.12 2 0
zai-proxy/internal/handler/chat.go:152.3,154.40 2 1
zai-proxy/internal/handler/chat.go:154.40,155.9 1 1
zai-proxy/internal/handler/chat.go:158.3,158.84 1 1
zai-proxy/internal/handler/chat.go:158.84,160.80 2 0
zai-proxy/internal/handler/chat.go:160.80,164.5 3 0
zai-proxy/internal/handler/chat.go:165.4,169.93 3 0
zai-proxy/internal/handler/chat.go:169.93,171.5 1 0
zai-proxy/internal/handler/chat.go:173.4,173.30 1 0
zai-proxy/internal/handler/chat.go:173.30,177.31 3 0
zai-proxy/internal/handler/chat.go:177.31,193.6 5 0
zai-proxy/internal/handler/chat.go:195.4,195.12 1 0
zai-proxy/internal/handler/chat.go:198.3,198.36 1 1
zai-proxy/internal/handler/chat.go:198.36,200.4 1 1
zai-proxy/internal/handler/chat.go:202.3,203.69 2 1
zai-proxy/internal/handler/chat.go:203.69,204.75 1 0
zai-proxy/internal/handler/chat.go:204.75,207.5 2 0
zai-proxy/internal/handler/chat.go:208.4,208.12 1 0
zai-proxy/internal/handler/chat.go:210.3,210.75 1 1
zai-proxy/internal/handler/chat.go:210.75,212.29 2 0
zai-proxy/internal/handler/chat.go:212.29,214.30 2 0
zai-proxy/internal/handler/chat.go:214.30,230.6 5 0
zai-proxy/internal/handler/chat.go:232.4,232.80 1 0
zai-proxy/internal/handler/chat.go:232.80,234.5 1 0
zai-proxy/internal/handler/chat.go:235.4,235.12 1 0
zai-proxy/internal/handler/chat.go:237.3,237.66 1 1
zai-proxy/internal/handler/chat.go:237.66,239.29 2 1
zai-proxy/internal/handler/chat.go:239.29,241.30 2 0
zai-proxy/internal/handler/chat.go:241.30,257.6 5 0
zai-proxy/internal/handler/chat.go:259.4,259.12 1 1
zai-proxy/internal/handler/chat.go:261.3,261.89 1 1
zai-proxy/internal/handler/chat.go:261.89,262.12 1 0
zai-proxy/internal/handler/chat.go:265.3,265.66 1 1
zai-proxy/internal/handler/chat.go:265.66,267.4 1 1
zai-proxy/internal/handler/chat.go:268.3,268.109 1 1
zai-proxy/internal/handler/chat.go:268.109,269.83 1 1
zai-proxy/internal/handler/chat.go:269.83,270.30 1 1
zai-proxy/internal/handler/chat.go:270.30,271.31 1 1
zai-proxy/internal/handler/chat.go:271.31,273.7 1 1
zai-proxy/internal/handler/chat.go:274.6,274.28 1 1
zai-proxy/internal/handler/chat.go:276.5,279.34 3 1
zai-proxy/internal/handler/chat.go:279.34,297.6 5 1
zai-proxy/internal/handler/chat.go:299.4,299.12 1 1
zai-proxy/internal/handler/chat.go:302.3,302.35 1 1
zai-proxy/internal/handler/chat.go:302.35,319.4 6 0
zai-proxy/internal/handler/chat.go:320.3,320.39 1 1
zai-proxy/internal/handler/chat.go:320.39,337.4 6 0
zai-proxy/internal/handler/chat.go:339.3,342.75 3 1
zai-proxy/internal/handler/chat.go:342.75,345.32 3 0
zai-proxy/internal/handler/chat.go:345.32,361.5 5 0
zai-proxy/internal/handler/chat.go:364.3,364.74 1 1
zai-proxy/internal/handler/chat.go:364.74,381.4 6 0
zai-proxy/internal/handler/chat.go:383.3,383.82 1 1
zai-proxy/internal/handler/chat.go:383.82,385.4 1 1
zai-proxy/internal/handler/chat.go:385.9,385.70 1 1
zai-proxy/internal/handler/chat.go:385.70,386.51 1 0
zai-proxy/internal/handler/chat.go:386.51,389.67 2 0
zai-proxy/internal/handler/chat.go:389.67,391.47 2 0
zai-proxy/internal/handler/chat.go:391.47,393.7 1 0
zai-proxy/internal/handler/chat.go:393.12,395.7 1 0
zai-proxy/internal/handler/chat.go:396.6,396.53 1 0
zai-proxy/internal/handler/chat.go:399.9,399.113 1 1
zai-proxy/internal/handler/chat.go:399.113,403.56 3 1
zai-proxy/internal/handler/chat.go:403.56,406.5 2 1
zai-proxy/internal/handler/chat.go:406.10,408.5 1 0
zai-proxy/internal/handler/chat.go:411.3,411.29 1 1
zai-proxy/internal/handler/chat.go:411.29,413.4 1 0
zai-proxy/internal/handler/chat.go:414.3,414.29 1 1
zai-proxy/internal/handler/chat.go:414.29,430.4 5 0
zai-proxy/internal/handler/chat.go:432.3,432.20 1 1
zai-proxy/internal/handler/chat.go:432.20,433.12 1 0
zai-proxy/internal/handler/chat.go:436.3,437.20 2 1
zai-proxy/internal/handler/chat.go:437.20,438.12 1 0
zai-proxy/internal/handler/chat.go:441.3,442.82 2 1
zai-proxy/internal/handler/chat.go:442.82,444.4 1 1
zai-proxy/internal/handler/chat.go:447.3,447.21 1 1
zai-proxy/internal/handler/chat.go:447.21,450.8 2 1
zai-proxy/internal/handler/chat.go:450.8,452.22 2 1
zai-proxy/internal/handler/chat.go:452.22,454.11 1 1
zai-proxy/internal/handler/chat.go:457.5,457.20 1 1
zai-proxy/internal/handler/chat.go:457.20,460.27 3 1
zai-proxy/internal/handler/chat.go:460.27,462.7 1 1
zai-proxy/internal/handler/chat.go:465.5,472.23 6 1
zai-proxy/internal/handler/chat.go:472.23,474.6 1 1
zai-proxy/internal/handler/chat.go:475.5,475.28 1 1
zai-proxy/internal/handler/chat.go:475.28,477.48 2 0
zai-proxy/internal/handler/chat.go:477.48,479.7 1 0
zai-proxy/internal/handler/chat.go:481.5,481.26 1 1
zai-proxy/internal/handler/chat.go:481.26,484.48 2 0
zai-proxy/internal/handler/chat.go:484.48,486.7 1 0
zai-proxy/internal/handler/chat.go:489.5,489.23 1 1
zai-proxy/internal/handler/chat.go:489.23,491.11 1 0
zai-proxy/internal/handler/chat.go:495.5,500.27 4 1
zai-proxy/internal/handler/chat.go:500.27,503.35 3 1
zai-proxy/internal/handler/chat.go:503.35,520.7 4 1
zai-proxy/internal/handler/chat.go:523.4,523.12 1 1
zai-proxy/internal/handler/chat.go:526.3,540.18 4 1
zai-proxy/internal/handler/chat.go:543.2,543.38 1 1
zai-proxy/internal/handler/chat.go:543.38,545.3 1 0
zai-proxy/internal/handler/chat.go:548.2,548.28 1 1
zai-proxy/internal/handler/chat.go:548.28,551.25 2 1
zai-proxy/internal/handler/chat.go:551.25,554.33 3 0
zai-proxy/internal/handler/chat.go:554.33,571.5 4 0
zai-proxy/internal/handler/chat.go:573.3,573.25 1 1
zai-proxy/internal/handler/chat.go:573.25,576.4 2 1
zai-proxy/internal/handler/chat.go:577.3,577.24 1 1
zai-proxy/internal/handler/chat.go:580.2,580.59 1 1
zai-proxy/internal/handler/chat.go:580.59,596.3 5 0
zai-proxy/internal/handler/chat.go:598.2,598.17 1 1
zai-proxy/internal/handler/chat.go:598.17,600.3 1 1
zai-proxy/internal/handler/chat.go:602.2,603.49 2 1
zai-proxy/internal/handler/chat.go:603.49,605.3 1 1
zai-proxy/internal/handler/chat.go:606.2,621.17 5 1
zai-proxy/internal/handler/chat.go:624.125,636.21 11 1
zai-proxy/internal/handler/chat.go:636.21,638.41 2 1
zai-proxy/internal/handler/chat.go:638.41,639.12 1 0
zai-proxy/internal/handler/chat.go:642.3,643.26 2 1
zai-proxy/internal/handler/chat.go:643.26,644.9 1 0
zai-proxy/internal/handler/chat.go:647.3,648.72 2 1
zai-proxy/internal/handler/chat.go:648.72,650.12 2 0
zai-proxy/internal/handler/chat.go:653.3,655.40 2 1
zai-proxy/internal/handler/chat.go:655.40,656.9 1 1
zai-proxy/internal/handler/chat.go:659.3,659.84 1 1
zai-proxy/internal/handler/chat.go:659.84,660.80 1 0
zai-proxy/internal/handler/chat.go:660.80,663.46 3 0
zai-proxy/internal/handler/chat.go:663.46,665.6 1 0
zai-proxy/internal/handler/chat.go:667.4,671.30 4 0
zai-proxy/internal/handler/chat.go:671.30,674.5 2 0
zai-proxy/internal/handler/chat.go:675.4,675.12 1 0
zai-proxy/internal/handler/chat.go:678.3,678.36 1 1
zai-proxy/internal/handler/chat.go:678.36,680.4 1 1
zai-proxy/internal/handler/chat.go:682.3,683.69 2 1
zai-proxy/internal/handler/chat.go:683.69,684.75 1 0
zai-proxy/internal/handler/chat.go:684.75,687.5 2 0
zai-proxy/internal/handler/chat.go:688.4,688.12 1 0
zai-proxy/internal/handler/chat.go:690.3,690.75 1 1
zai-proxy/internal/handler/chat.go:690.75,692.29 2 0
zai-proxy/internal/handler/chat.go:692.29,694.5 1 0
zai-proxy/internal/handler/chat.go:695.4,695.80 1 0
zai-proxy/internal/handler/chat.go:695.80,697.5 1 0
zai-proxy/internal/handler/chat.go:698.4,698.12 1 0
zai-proxy/internal/handler/chat.go:700.3,700.66 1 1
zai-proxy/internal/handler/chat.go:700.66,702.29 2 1
zai-proxy/internal/handler/chat.go:702.29,704.5 1 0
zai-proxy/internal/handler/chat.go:705.4,705.12 1 1
zai-proxy/internal/handler/chat.go:707.3,707.89 1 1
zai-proxy/internal/handler/chat.go:707.89,708.12 1 0
zai-proxy/internal/handler/chat.go:711.3,711.66 1 1
zai-proxy/internal/handler/chat.go:711.66,713.4 1 1
zai-proxy/internal/handler/chat.go:714.3,714.109 1 1
zai-proxy/internal/handler/chat.go:714.109,715.83 1 1
zai-proxy/internal/handler/chat.go:715.83,716.30 1 1
zai-proxy/internal/handler/chat.go:716.30,717.31 1 1
zai-proxy/internal/handler/chat.go:717.31,719.7 1 1
zai-proxy/internal/handler/chat.go:720.6,720.28 1 1
zai-proxy/internal/handler/chat.go:722.5,722.35 1 1
zai-proxy/internal/handler/chat.go:724.4,724.12 1 1
zai-proxy/internal/handler/chat.go:727.3,727.35 1 1
zai-proxy/internal/handler/chat.go:727.35,728.19 1 0
zai-proxy/internal/handler/chat.go:728.19,730.5 1 0
zai-proxy/internal/handler/chat.go:730.10,732.5 1 0
zai-proxy/internal/handler/chat.go:733.4,733.31 1 0
zai-proxy/internal/handler/chat.go:735.3,735.39 1 1
zai-proxy/internal/handler/chat.go:735.39,738.4 2 0
zai-proxy/internal/handler/chat.go:740.3,741.82 2 1
zai-proxy/internal/handler/chat.go:741.82,743.4 1 1
zai-proxy/internal/handler/chat.go:743.9,743.70 1 1
zai-proxy/internal/handler/chat.go:743.70,744.51 1 0
zai-proxy/internal/handler/chat.go:744.51,746.31 2 0
zai-proxy/internal/handler/chat.go:746.31,748.6 1 0
zai-proxy/internal/handler/chat.go:750.5,750.67 1 0
zai-proxy/internal/handler/chat.go:750.67,752.47 2 0
zai-proxy/internal/handler/chat.go:752.47,754.7 1 0
zai-proxy/internal/handler/chat.go:754.12,756.7 1 0
zai-proxy/internal/handler/chat.go:759.9,759.113 1 1
zai-proxy/internal/handler/chat.go:759.113,761.4 1 1
zai-proxy/internal/handler/chat.go:763.3,763.20 1 1
zai-proxy/internal/handler/chat.go:763.20,765.4 1 1
zai-proxy/internal/handler/chat.go:768.2,774.52 5 1
zai-proxy/internal/handler/chat.go:774.52,776.31 2 1
zai-proxy/internal/handler/chat.go:776.31,779.4 2 1
zai-proxy/internal/handler/chat.go:782.2,782.55 1 1
zai-proxy/internal/handler/chat.go:782.55,784.3 1 1
zai-proxy/internal/handler/chat.go:786.2,787.33 2 1
zai-proxy/internal/handler/chat.go:787.33,789.3 1 1
zai-proxy/internal/handler/chat.go:790.2,808.37 3 1
zai-proxy/internal/handler/chat.go:812.109,827.2 4 1
zai-proxy/internal/handler/chat.go:829.44,830.22 1 0
zai-proxy/internal/handler/chat.go:830.22,832.3 1 0
zai-proxy/internal/handler/chat.go:833.2,833.27 1 0
zai-proxy/internal/handler/index.go:10.58,12.48 2 0
zai-proxy/internal/handler/index.go:12.48,15.3 2 0
zai-proxy/internal/handler/index.go:16.2,16.63 1 0
zai-proxy/internal/handler/index.go:16.63,19.3 2 0
zai-proxy/internal/handler/index.go:21.2,23.34 3 0
zai-proxy/internal/handler/middleware.go:10.56,11.71 1 1
zai-proxy/internal/handler/middleware.go:11.71,13.56 2 1
zai-proxy/internal/handler/middleware.go:13.56,16.4 2 1
zai-proxy/internal/handler/middleware.go:18.3,19.15 2 1
zai-proxy/internal/handler/middleware.go:19.15,22.4 2 0
zai-proxy/internal/handler/middleware.go:24.3,25.38 2 1
zai-proxy/internal/handler/middleware.go:29.47,30.71 1 1
zai-proxy/internal/handler/middleware.go:30.71,32.21 2 1
zai-proxy/internal/handler/middleware.go:32.21,33.80 1 1
zai-proxy/internal/handler/middleware.go:33.80,35.5 1 1
zai-proxy/internal/handler/middleware.go:38.3,38.23 1 1
zai-proxy/internal/handler/middleware.go:42.78,43.18 1 1
zai-proxy/internal/handler/middleware.go:43.18,45.3 1 0
zai-proxy/internal/handler/middleware.go:47.2,48.19 2 1
zai-proxy/internal/handler/middleware.go:48.19,50.3 1 1
zai-proxy/internal/handler/middleware.go:52.2,53.24 2 1
zai-proxy/internal/handler/middleware.go:53.24,55.3 1 1
zai-proxy/internal/handler/middleware.go:57.2,59.51 3 1
zai-proxy/internal/handler/middleware.go:62.64,65.23 3 1
zai-proxy/internal/handler/middleware.go:65.23,67.3 1 0
zai-proxy/internal/handler/middleware.go:68.2,68.44 1 1
zai-proxy/internal/handler/middleware.go:68.44,69.26 1 1
zai-proxy/internal/handler/middleware.go:69.26,71.4 1 1
zai-proxy/internal/handler/middleware.go:72.3,72.19 1 1
zai-proxy/internal/handler/middleware.go:74.2,74.25 1 0
zai-proxy/internal/handler/middleware.go:74.25,76.3 1 0
zai-proxy/internal/handler/middleware.go:77.2,77.33 1 0
zai-proxy/internal/handler/middleware.go:77.33,78.47 1 0
zai-proxy/internal/handler/middleware.go:78.47,80.4 1 0
zai-proxy/internal/handler/middleware.go:82.2,82.18 1 0
zai-proxy/internal/handler/models.go:10.59,12.37 2 0
zai-proxy/internal/handler/models.go:12.37,18.3 1 0
zai-proxy/internal/handler/models.go:20.2,26.37 3 0
zai-proxy/internal/handler/router.go:5.31,15.2 8 1
zai-proxy/internal/handler/stats.go:43.55,44.71 1 1
zai-proxy/internal/handler/stats.go:44.71,45.29 1 1
zai-proxy/internal/handler/stats.go:45.29,48.4 2 1
zai-proxy/internal/handler/stats.go:50.3,52.23 3 0
zai-proxy/internal/handler/stats.go:56.47,57.36 1 1
zai-proxy/internal/handler/stats.go:57.36,59.3 1 1
zai-proxy/internal/handler/stats.go:61.2,61.20 1 1
zai-proxy/internal/handler/stats.go:62.33,63.15 1 1
zai-proxy/internal/handler/stats.go:64.10,65.14 1 1
zai-proxy/internal/handler/stats.go:69.39,71.2 1 1
zai-proxy/internal/handler/stats.go:73.37,79.70 5 1
zai-proxy/internal/handler/stats.go:79.70,81.3 1 1
zai-proxy/internal/handler/stats.go:82.2,82.26 1 1
zai-proxy/internal/handler/stats.go:85.49,88.16 3 1
zai-proxy/internal/handler/stats.go:88.16,90.3 1 0
zai-proxy/internal/handler/stats.go:92.2,113.3 1 1
zai-proxy/internal/handler/stats.go:116.43,118.47 2 1
zai-proxy/internal/handler/stats.go:118.47,120.3 1 1
zai-proxy/internal/handler/stats.go:121.2,121.33 1 1
zai-proxy/internal/handler/stats.go:124.60,126.27 2 1
zai-proxy/internal/handler/stats.go:126.27,129.3 2 0
zai-proxy/internal/handler/stats.go:130.2,130.63 1 1
zai-proxy/internal/handler/stats.go:130.63,133.3 2 0
zai-proxy/internal/handler/stats.go:135.2,141.4 2 1
zai-proxy/internal/handler/stats.go:144.58,146.27 2 0
zai-proxy/internal/handler/stats.go:146.27,149.3 2 0
zai-proxy/internal/handler/stats.go:150.2,150.63 1 0
zai-proxy/internal/handler/stats.go:150.63,153.3 2 0
zai-proxy/internal/handler/stats.go:155.2,155.60 1 0
zai-proxy/internal/handler/stats.go:158.64,162.2 3 1
